20200716 10:14:23	Uploading batch 1/17
20200716 10:14:23	Z:\siddardha\WW 2018\3rd wafer D08\190509.zip_split_0007	E:\Dropbox (NUSCentreofBioImagin)\Backup\siddardha\WW 2018\3rd wafer D08\190509.zip_split_0007	100.000000 GB
20200716 11:03:13	Z:\siddardha\WW 2018\3rd wafer D08\190512.zip_split_0001	E:\Dropbox (NUSCentreofBioImagin)\Backup\siddardha\WW 2018\3rd wafer D08\190512.zip_split_0001	100.000000 GB
20200716 13:16:53	Uploading batch 2/17
20200716 13:16:53	Z:\siddardha\WW 2018\3rd wafer D08\190512.zip_split_0003	E:\Dropbox (NUSCentreofBioImagin)\Backup\siddardha\WW 2018\3rd wafer D08\190512.zip_split_0003	100.000000 GB
20200716 14:05:13	Z:\siddardha\WW 2018\3rd wafer D08\190512.zip_split_0004	E:\Dropbox (NUSCentreofBioImagin)\Backup\siddardha\WW 2018\3rd wafer D08\190512.zip_split_0004	100.000000 GB
20200716 16:24:32	Uploading batch 3/17
20200716 16:24:32	Z:\siddardha\WW 2018\3rd wafer D08\190512.zip_split_0005	E:\Dropbox (NUSCentreofBioImagin)\Backup\siddardha\WW 2018\3rd wafer D08\190512.zip_split_0005	100.000000 GB
20200716 17:13:24	Z:\siddardha\WW 2018\3rd wafer D08\190512.zip_split_0006	E:\Dropbox (NUSCentreofBioImagin)\Backup\siddardha\WW 2018\3rd wafer D08\190512.zip_split_0006	100.000000 GB
20200716 19:33:19	Uploading batch 4/17
20200716 19:33:19	Z:\siddardha\WW 2018\3rd wafer D08\190512.zip_split_0010	E:\Dropbox (NUSCentreofBioImagin)\Backup\siddardha\WW 2018\3rd wafer D08\190512.zip_split_0010	100.000000 GB
20200716 20:22:11	Z:\siddardha\WW 2018\3rd wafer D08\190512.zip_split_0012	E:\Dropbox (NUSCentreofBioImagin)\Backup\siddardha\WW 2018\3rd wafer D08\190512.zip_split_0012	100.000000 GB
20200716 22:36:11	Uploading batch 5/17
20200716 22:36:11	Z:\siddardha\WW 2018\3rd wafer D08\190512.zip_split_0018	E:\Dropbox (NUSCentreofBioImagin)\Backup\siddardha\WW 2018\3rd wafer D08\190512.zip_split_0018	73.827922 GB
20200716 23:12:46	Z:\siddardha\WW 2018\3rd wafer D08\190514 Si WW 10% KOH ex-situ.zip	E:\Dropbox (NUSCentreofBioImagin)\Backup\siddardha\WW 2018\3rd wafer D08\190514 Si WW 10% KOH ex-situ.zip	11.517348 GB
20200716 23:18:31	Z:\siddardha\WW 2018\3rd wafer D08\190518.zip_split_0004	E:\Dropbox (NUSCentreofBioImagin)\Backup\siddardha\WW 2018\3rd wafer D08\190518.zip_split_0004	10.716075 GB
20200716 23:23:52	Z:\siddardha\WW 2018\3rd wafer D08\190521.zip_split_0005	E:\Dropbox (NUSCentreofBioImagin)\Backup\siddardha\WW 2018\3rd wafer D08\190521.zip_split_0005	100.000000 GB
20200717 01:31:40	Uploading batch 6/17
20200717 01:31:40	Z:\siddardha\WW 2018\3rd wafer D08\190523.zip_split_0001	E:\Dropbox (NUSCentreofBioImagin)\Backup\siddardha\WW 2018\3rd wafer D08\190523.zip_split_0001	100.000000 GB
20200717 02:20:57	Z:\siddardha\WW 2018\3rd wafer D08\190523.zip_split_0002	E:\Dropbox (NUSCentreofBioImagin)\Backup\siddardha\WW 2018\3rd wafer D08\190523.zip_split_0002	100.000000 GB
20200717 04:35:26	Uploading batch 7/17
20200717 04:35:26	Z:\siddardha\WW 2018\3rd wafer D08\190523.zip_split_0004	E:\Dropbox (NUSCentreofBioImagin)\Backup\siddardha\WW 2018\3rd wafer D08\190523.zip_split_0004	100.000000 GB
20200717 05:24:33	Z:\siddardha\WW 2018\3rd wafer D08\190523.zip_split_0009	E:\Dropbox (NUSCentreofBioImagin)\Backup\siddardha\WW 2018\3rd wafer D08\190523.zip_split_0009	100.000000 GB
20200717 07:45:14	Uploading batch 8/17
20200717 07:45:14	Z:\siddardha\WW 2018\3rd wafer D08\190523.zip_split_0010	E:\Dropbox (NUSCentreofBioImagin)\Backup\siddardha\WW 2018\3rd wafer D08\190523.zip_split_0010	100.000000 GB
20200717 08:34:24	Z:\siddardha\WW 2018\3rd wafer D08\190523.zip_split_0011	E:\Dropbox (NUSCentreofBioImagin)\Backup\siddardha\WW 2018\3rd wafer D08\190523.zip_split_0011	100.000000 GB
20200717 10:27:21	Dropbox not running
20200717 12:01:41	Uploading batch 9/17
20200717 12:01:41	Z:\siddardha\WW 2018\3rd wafer D08\190526.zip_split_0001	E:\Dropbox (NUSCentreofBioImagin)\Backup\siddardha\WW 2018\3rd wafer D08\190526.zip_split_0001	100.000000 GB
20200717 12:51:10	Z:\siddardha\WW 2018\3rd wafer D08\190526.zip_split_0004	E:\Dropbox (NUSCentreofBioImagin)\Backup\siddardha\WW 2018\3rd wafer D08\190526.zip_split_0004	100.000000 GB
20200717 15:10:15	Uploading batch 10/17
20200717 15:10:15	Z:\siddardha\WW 2018\3rd wafer D08\190526.zip_split_0006	E:\Dropbox (NUSCentreofBioImagin)\Backup\siddardha\WW 2018\3rd wafer D08\190526.zip_split_0006	100.000000 GB
20200717 16:00:47	Z:\siddardha\WW 2018\3rd wafer D08\190610.zip	E:\Dropbox (NUSCentreofBioImagin)\Backup\siddardha\WW 2018\3rd wafer D08\190610.zip	3.250446 GB
20200717 16:02:23	Z:\siddardha\WW 2018\3rd wafer D08\190614.zip	E:\Dropbox (NUSCentreofBioImagin)\Backup\siddardha\WW 2018\3rd wafer D08\190614.zip	3.807453 GB
20200717 17:16:21	Uploading batch 11/17
20200717 17:16:21	Z:\siddardha\WW 2018\3rd wafer D08\190621.zip_split_0003	E:\Dropbox (NUSCentreofBioImagin)\Backup\siddardha\WW 2018\3rd wafer D08\190621.zip_split_0003	100.000000 GB
20200717 18:06:33	Z:\siddardha\WW 2018\3rd wafer D08\190621.zip_split_0005	E:\Dropbox (NUSCentreofBioImagin)\Backup\siddardha\WW 2018\3rd wafer D08\190621.zip_split_0005	100.000000 GB
20200717 20:26:06	Uploading batch 12/17
20200717 20:26:06	Z:\siddardha\WW 2018\3rd wafer D08\190621.zip_split_0007	E:\Dropbox (NUSCentreofBioImagin)\Backup\siddardha\WW 2018\3rd wafer D08\190621.zip_split_0007	100.000000 GB
20200717 21:15:25	Z:\siddardha\WW 2018\3rd wafer D08\190621.zip_split_0009	E:\Dropbox (NUSCentreofBioImagin)\Backup\siddardha\WW 2018\3rd wafer D08\190621.zip_split_0009	100.000000 GB
20200717 23:35:42	Uploading batch 13/17
20200717 23:35:42	Z:\siddardha\WW 2018\3rd wafer D08\190626.zip_split_0005	E:\Dropbox (NUSCentreofBioImagin)\Backup\siddardha\WW 2018\3rd wafer D08\190626.zip_split_0005	100.000000 GB
20200718 00:25:13	Z:\siddardha\WW 2018\3rd wafer D08\190628 Si 5p TMAH.zip_split_0001	E:\Dropbox (NUSCentreofBioImagin)\Backup\siddardha\WW 2018\3rd wafer D08\190628 Si 5p TMAH.zip_split_0001	100.000000 GB
20200718 02:45:57	Uploading batch 14/17
20200718 02:45:57	Z:\siddardha\WW 2018\3rd wafer D08\190628 Si 5p TMAH.zip_split_0006	E:\Dropbox (NUSCentreofBioImagin)\Backup\siddardha\WW 2018\3rd wafer D08\190628 Si 5p TMAH.zip_split_0006	63.611621 GB
20200718 03:17:51	Z:\siddardha\WW 2018\3rd wafer D08\190701 10P TMAH.zip_split_0001	E:\Dropbox (NUSCentreofBioImagin)\Backup\siddardha\WW 2018\3rd wafer D08\190701 10P TMAH.zip_split_0001	100.000000 GB
20200718 05:32:09	Uploading batch 15/17
20200718 05:32:09	Z:\siddardha\WW 2018\3rd wafer D08\190701 10P TMAH.zip_split_0002	E:\Dropbox (NUSCentreofBioImagin)\Backup\siddardha\WW 2018\3rd wafer D08\190701 10P TMAH.zip_split_0002	100.000000 GB
20200718 06:22:33	Z:\siddardha\WW 2018\3rd wafer D08\190701 10P TMAH.zip_split_0004	E:\Dropbox (NUSCentreofBioImagin)\Backup\siddardha\WW 2018\3rd wafer D08\190701 10P TMAH.zip_split_0004	100.000000 GB
20200718 08:47:03	Uploading batch 16/17
20200718 08:47:03	Z:\siddardha\WW 2018\3rd wafer D08\190701 10P TMAH.zip_split_0006	E:\Dropbox (NUSCentreofBioImagin)\Backup\siddardha\WW 2018\3rd wafer D08\190701 10P TMAH.zip_split_0006	100.000000 GB
20200718 09:37:48	Z:\siddardha\WW 2018\3rd wafer D08\190701 10P TMAH.zip_split_0007	E:\Dropbox (NUSCentreofBioImagin)\Backup\siddardha\WW 2018\3rd wafer D08\190701 10P TMAH.zip_split_0007	100.000000 GB
20200718 11:55:56	Uploading batch 17/17
20200718 11:55:56	Z:\siddardha\WW 2018\3rd wafer D08\190701 10P TMAH.zip_split_0008	E:\Dropbox (NUSCentreofBioImagin)\Backup\siddardha\WW 2018\3rd wafer D08\190701 10P TMAH.zip_split_0008	100.000000 GB
20200718 12:41:41	Z:\siddardha\WW 2018\3rd wafer D08\190701 10P TMAH.zip_split_0011	E:\Dropbox (NUSCentreofBioImagin)\Backup\siddardha\WW 2018\3rd wafer D08\190701 10P TMAH.zip_split_0011	58.074595 GB
20200718 13:10:08	Z:\siddardha\WW 2018\3rd wafer D08\Bibliography.zip	E:\Dropbox (NUSCentreofBioImagin)\Backup\siddardha\WW 2018\3rd wafer D08\Bibliography.zip	0.093971 GB
20200718 13:10:11	Z:\siddardha\WW 2018\3rd wafer D08\dose for 10%5%2% KOH +2% IPA.xlsx	E:\Dropbox (NUSCentreofBioImagin)\Backup\siddardha\WW 2018\3rd wafer D08\dose for 10%5%2% KOH +2% IPA.xlsx	0.002440 GB
20200718 13:10:11	Z:\siddardha\WW 2018\3rd wafer D08\__data track and details 06072019.zip	E:\Dropbox (NUSCentreofBioImagin)\Backup\siddardha\WW 2018\3rd wafer D08\__data track and details 06072019.zip	0.603012 GB
