20200714 00:48:45	Split /home/utkarsh/Desktop/testUpload/01_HM_badChip_wet_bulk_converted.zip into 6 parts
20200714 01:06:12	Uploading batch 1/5
20200714 01:06:12	/home/utkarsh/Desktop/testUpload/CollapseIPA_ALL.dat	/home/utkarsh/Dropbox/Utkarsh/testUpload/CollapseIPA_ALL.dat	0.000737 GB
20200714 01:06:12	/home/utkarsh/Desktop/testUpload/01_HM_badChip_wet_bulk_converted.zip_split_0006	/home/utkarsh/Dropbox/Utkarsh/testUpload/01_HM_badChip_wet_bulk_converted.zip_split_0006	3.762002 GB
20200714 01:06:12	/home/utkarsh/Desktop/testUpload/CollapseIPA_DNN.dat	/home/utkarsh/Dropbox/Utkarsh/testUpload/CollapseIPA_DNN.dat	0.000737 GB
20200714 01:06:12	/home/utkarsh/Desktop/testUpload/CollapseWater_DNN.dat	/home/utkarsh/Dropbox/Utkarsh/testUpload/CollapseWater_DNN.dat	0.000745 GB
20200714 01:06:12	/home/utkarsh/Desktop/testUpload/CollapseIPA_CNN.dat	/home/utkarsh/Dropbox/Utkarsh/testUpload/CollapseIPA_CNN.dat	0.000737 GB
20200714 01:06:12	/home/utkarsh/Desktop/testUpload/01_HM_badChip_wet_bulk_converted.zip_split_0002	/home/utkarsh/Dropbox/Utkarsh/testUpload/01_HM_badChip_wet_bulk_converted.zip_split_0002	4.000000 GB
20200714 01:10:12	Uploading batch 2/5
20200714 01:10:12	/home/utkarsh/Desktop/testUpload/01_HM_badChip_wet_bulk_converted.zip_split_0001	/home/utkarsh/Dropbox/Utkarsh/testUpload/01_HM_badChip_wet_bulk_converted.zip_split_0001	4.000000 GB
20200714 01:10:12	/home/utkarsh/Desktop/testUpload/01_HM_badChip_wet_bulk_converted.zip_split_0003	/home/utkarsh/Dropbox/Utkarsh/testUpload/01_HM_badChip_wet_bulk_converted.zip_split_0003	4.000000 GB
20200714 01:16:13	Uploading batch 3/5
20200714 01:16:13	/home/utkarsh/Desktop/testUpload/01_HM_badChip_wet_bulk_converted.zip_split_0005	/home/utkarsh/Dropbox/Utkarsh/testUpload/01_HM_badChip_wet_bulk_converted.zip_split_0005	4.000000 GB
20200714 01:16:13	/home/utkarsh/Desktop/testUpload/01_HM_badChip_wet_bulk_converted.zip_split_0004	/home/utkarsh/Dropbox/Utkarsh/testUpload/01_HM_badChip_wet_bulk_converted.zip_split_0004	4.000000 GB
20200714 01:16:13	/home/utkarsh/Desktop/testUpload/CollapseWater_Set2_ALL.dat	/home/utkarsh/Dropbox/Utkarsh/testUpload/CollapseWater_Set2_ALL.dat	0.000756 GB
20200714 01:16:13	/home/utkarsh/Desktop/testUpload/CollapseWater_ALL.dat	/home/utkarsh/Dropbox/Utkarsh/testUpload/CollapseWater_ALL.dat	0.000745 GB
20200714 01:22:15	Uploading batch 4/5
20200714 01:22:15	/home/utkarsh/Desktop/testUpload/RestoreBy0.30%HF.zip	/home/utkarsh/Dropbox/Utkarsh/testUpload/RestoreBy0.30%HF.zip	3.563954 GB
20200714 01:22:16	/home/utkarsh/Desktop/testUpload/CollapseWater_Set2_VGG.dat	/home/utkarsh/Dropbox/Utkarsh/testUpload/CollapseWater_Set2_VGG.dat	0.000756 GB
20200714 01:22:16	/home/utkarsh/Desktop/testUpload/CollapseWater_Set2_CNN.dat	/home/utkarsh/Dropbox/Utkarsh/testUpload/CollapseWater_Set2_CNN.dat	0.000756 GB
20200714 01:22:16	/home/utkarsh/Desktop/testUpload/CollapseWater_VGG.dat	/home/utkarsh/Dropbox/Utkarsh/testUpload/CollapseWater_VGG.dat	0.000745 GB
20200714 01:22:16	/home/utkarsh/Desktop/testUpload/CollapseWater_Set2_DNN.dat	/home/utkarsh/Dropbox/Utkarsh/testUpload/CollapseWater_Set2_DNN.dat	0.000756 GB
20200714 01:22:16	/home/utkarsh/Desktop/testUpload/CollapseIPA_VGG.dat	/home/utkarsh/Dropbox/Utkarsh/testUpload/CollapseIPA_VGG.dat	0.000737 GB
20200714 01:22:16	/home/utkarsh/Desktop/testUpload/CollapseWater_CNN.dat	/home/utkarsh/Dropbox/Utkarsh/testUpload/CollapseWater_CNN.dat	0.000745 GB
20200714 01:22:16	/home/utkarsh/Desktop/testUpload/RestoreBy1.00%HF/ExperimentGuide.txt	/home/utkarsh/Dropbox/Utkarsh/testUpload/RestoreBy1.00%HF/ExperimentGuide.txt	0.000001 GB
20200714 01:22:17	/home/utkarsh/Desktop/testUpload/RestoreBy1.00%HF/030s/20kX _13533.dm3	/home/utkarsh/Dropbox/Utkarsh/testUpload/RestoreBy1.00%HF/030s/20kX _13533.dm3	0.063065 GB
20200714 01:22:17	/home/utkarsh/Desktop/testUpload/RestoreBy1.00%HF/030s/20kX _13541.png	/home/utkarsh/Dropbox/Utkarsh/testUpload/RestoreBy1.00%HF/030s/20kX _13541.png	0.007474 GB
20200714 01:22:17	/home/utkarsh/Desktop/testUpload/RestoreBy1.00%HF/030s/20kX _13532.png	/home/utkarsh/Dropbox/Utkarsh/testUpload/RestoreBy1.00%HF/030s/20kX _13532.png	0.007449 GB
20200714 01:22:17	/home/utkarsh/Desktop/testUpload/RestoreBy1.00%HF/030s/20kX _13531.dm3	/home/utkarsh/Dropbox/Utkarsh/testUpload/RestoreBy1.00%HF/030s/20kX _13531.dm3	0.063065 GB
20200714 01:22:17	/home/utkarsh/Desktop/testUpload/RestoreBy1.00%HF/030s/20kX _13541.dm3	/home/utkarsh/Dropbox/Utkarsh/testUpload/RestoreBy1.00%HF/030s/20kX _13541.dm3	0.063065 GB
20200714 01:22:17	/home/utkarsh/Desktop/testUpload/RestoreBy1.00%HF/030s/20kX _13538.png	/home/utkarsh/Dropbox/Utkarsh/testUpload/RestoreBy1.00%HF/030s/20kX _13538.png	0.007553 GB
20200714 01:22:17	/home/utkarsh/Desktop/testUpload/RestoreBy1.00%HF/030s/20kX _13531.png	/home/utkarsh/Dropbox/Utkarsh/testUpload/RestoreBy1.00%HF/030s/20kX _13531.png	0.007340 GB
20200714 01:22:17	/home/utkarsh/Desktop/testUpload/RestoreBy1.00%HF/030s/20kX _13535.png	/home/utkarsh/Dropbox/Utkarsh/testUpload/RestoreBy1.00%HF/030s/20kX _13535.png	0.007630 GB
20200714 01:22:17	/home/utkarsh/Desktop/testUpload/RestoreBy1.00%HF/030s/20kX _13540.dm3	/home/utkarsh/Dropbox/Utkarsh/testUpload/RestoreBy1.00%HF/030s/20kX _13540.dm3	0.063065 GB
20200714 01:22:17	/home/utkarsh/Desktop/testUpload/RestoreBy1.00%HF/030s/20kX _13540.png	/home/utkarsh/Dropbox/Utkarsh/testUpload/RestoreBy1.00%HF/030s/20kX _13540.png	0.007464 GB
20200714 01:22:17	/home/utkarsh/Desktop/testUpload/RestoreBy1.00%HF/030s/20kX _13534.dm3	/home/utkarsh/Dropbox/Utkarsh/testUpload/RestoreBy1.00%HF/030s/20kX _13534.dm3	0.063065 GB
20200714 01:22:17	/home/utkarsh/Desktop/testUpload/RestoreBy1.00%HF/030s/20kX _13539.png	/home/utkarsh/Dropbox/Utkarsh/testUpload/RestoreBy1.00%HF/030s/20kX _13539.png	0.007493 GB
20200714 01:22:17	/home/utkarsh/Desktop/testUpload/RestoreBy1.00%HF/030s/20kX _13534.png	/home/utkarsh/Dropbox/Utkarsh/testUpload/RestoreBy1.00%HF/030s/20kX _13534.png	0.007538 GB
20200714 01:22:17	/home/utkarsh/Desktop/testUpload/RestoreBy1.00%HF/030s/20kX _13533.png	/home/utkarsh/Dropbox/Utkarsh/testUpload/RestoreBy1.00%HF/030s/20kX _13533.png	0.007509 GB
20200714 01:22:17	/home/utkarsh/Desktop/testUpload/RestoreBy1.00%HF/030s/20kX _13532.dm3	/home/utkarsh/Dropbox/Utkarsh/testUpload/RestoreBy1.00%HF/030s/20kX _13532.dm3	0.063065 GB
20200714 01:22:17	/home/utkarsh/Desktop/testUpload/RestoreBy1.00%HF/030s/20kX _13542.dm3	/home/utkarsh/Dropbox/Utkarsh/testUpload/RestoreBy1.00%HF/030s/20kX _13542.dm3	0.063065 GB
20200714 01:22:17	/home/utkarsh/Desktop/testUpload/RestoreBy1.00%HF/030s/20kX _13535.dm3	/home/utkarsh/Dropbox/Utkarsh/testUpload/RestoreBy1.00%HF/030s/20kX _13535.dm3	0.063065 GB
20200714 01:22:17	/home/utkarsh/Desktop/testUpload/RestoreBy1.00%HF/030s/20kX _13536.dm3	/home/utkarsh/Dropbox/Utkarsh/testUpload/RestoreBy1.00%HF/030s/20kX _13536.dm3	0.063065 GB
20200714 01:22:17	/home/utkarsh/Desktop/testUpload/RestoreBy1.00%HF/030s/20kX _13538.dm3	/home/utkarsh/Dropbox/Utkarsh/testUpload/RestoreBy1.00%HF/030s/20kX _13538.dm3	0.063065 GB
20200714 01:22:17	/home/utkarsh/Desktop/testUpload/RestoreBy1.00%HF/030s/20kX _13537.dm3	/home/utkarsh/Dropbox/Utkarsh/testUpload/RestoreBy1.00%HF/030s/20kX _13537.dm3	0.063065 GB
20200714 01:22:17	/home/utkarsh/Desktop/testUpload/RestoreBy1.00%HF/030s/20kX _13542.png	/home/utkarsh/Dropbox/Utkarsh/testUpload/RestoreBy1.00%HF/030s/20kX _13542.png	0.007465 GB
20200714 01:22:17	/home/utkarsh/Desktop/testUpload/RestoreBy1.00%HF/030s/20kX _13537.png	/home/utkarsh/Dropbox/Utkarsh/testUpload/RestoreBy1.00%HF/030s/20kX _13537.png	0.007683 GB
20200714 01:22:17	/home/utkarsh/Desktop/testUpload/RestoreBy1.00%HF/030s/20kX _13536.png	/home/utkarsh/Dropbox/Utkarsh/testUpload/RestoreBy1.00%HF/030s/20kX _13536.png	0.007625 GB
20200714 01:22:17	/home/utkarsh/Desktop/testUpload/RestoreBy1.00%HF/030s/20kX _13539.dm3	/home/utkarsh/Dropbox/Utkarsh/testUpload/RestoreBy1.00%HF/030s/20kX _13539.dm3	0.063065 GB
20200714 01:22:17	/home/utkarsh/Desktop/testUpload/RestoreBy1.00%HF/040s/20kX _13554.dm3	/home/utkarsh/Dropbox/Utkarsh/testUpload/RestoreBy1.00%HF/040s/20kX _13554.dm3	0.063065 GB
20200714 01:22:18	/home/utkarsh/Desktop/testUpload/RestoreBy1.00%HF/040s/20kX _13546.png	/home/utkarsh/Dropbox/Utkarsh/testUpload/RestoreBy1.00%HF/040s/20kX _13546.png	0.007359 GB
20200714 01:22:18	/home/utkarsh/Desktop/testUpload/RestoreBy1.00%HF/040s/20kX _13547.dm3	/home/utkarsh/Dropbox/Utkarsh/testUpload/RestoreBy1.00%HF/040s/20kX _13547.dm3	0.063065 GB
20200714 01:22:18	/home/utkarsh/Desktop/testUpload/RestoreBy1.00%HF/040s/20kX _13549.png	/home/utkarsh/Dropbox/Utkarsh/testUpload/RestoreBy1.00%HF/040s/20kX _13549.png	0.007369 GB
20200714 01:22:18	/home/utkarsh/Desktop/testUpload/RestoreBy1.00%HF/040s/20kX _13552.png	/home/utkarsh/Dropbox/Utkarsh/testUpload/RestoreBy1.00%HF/040s/20kX _13552.png	0.007425 GB
20200714 01:22:18	/home/utkarsh/Desktop/testUpload/RestoreBy1.00%HF/040s/20kX _13551.dm3	/home/utkarsh/Dropbox/Utkarsh/testUpload/RestoreBy1.00%HF/040s/20kX _13551.dm3	0.063065 GB
20200714 01:22:18	/home/utkarsh/Desktop/testUpload/RestoreBy1.00%HF/040s/20kX _13543.dm3	/home/utkarsh/Dropbox/Utkarsh/testUpload/RestoreBy1.00%HF/040s/20kX _13543.dm3	0.063065 GB
20200714 01:22:18	/home/utkarsh/Desktop/testUpload/RestoreBy1.00%HF/040s/20kX _13553.dm3	/home/utkarsh/Dropbox/Utkarsh/testUpload/RestoreBy1.00%HF/040s/20kX _13553.dm3	0.063065 GB
20200714 01:22:18	/home/utkarsh/Desktop/testUpload/RestoreBy1.00%HF/040s/20kX _13552.dm3	/home/utkarsh/Dropbox/Utkarsh/testUpload/RestoreBy1.00%HF/040s/20kX _13552.dm3	0.063065 GB
20200714 01:22:18	/home/utkarsh/Desktop/testUpload/RestoreBy1.00%HF/040s/20kX _13546.dm3	/home/utkarsh/Dropbox/Utkarsh/testUpload/RestoreBy1.00%HF/040s/20kX _13546.dm3	0.063065 GB
20200714 01:22:18	/home/utkarsh/Desktop/testUpload/RestoreBy1.00%HF/040s/20kX _13550.dm3	/home/utkarsh/Dropbox/Utkarsh/testUpload/RestoreBy1.00%HF/040s/20kX _13550.dm3	0.063065 GB
20200714 01:22:18	/home/utkarsh/Desktop/testUpload/RestoreBy1.00%HF/040s/20kX _13551.png	/home/utkarsh/Dropbox/Utkarsh/testUpload/RestoreBy1.00%HF/040s/20kX _13551.png	0.007324 GB
20200714 01:22:18	/home/utkarsh/Desktop/testUpload/RestoreBy1.00%HF/040s/20kX _13554.png	/home/utkarsh/Dropbox/Utkarsh/testUpload/RestoreBy1.00%HF/040s/20kX _13554.png	0.007430 GB
20200714 01:22:18	/home/utkarsh/Desktop/testUpload/RestoreBy1.00%HF/040s/20kX _13545.png	/home/utkarsh/Dropbox/Utkarsh/testUpload/RestoreBy1.00%HF/040s/20kX _13545.png	0.007328 GB
20200714 01:22:18	/home/utkarsh/Desktop/testUpload/RestoreBy1.00%HF/040s/20kX _13544.dm3	/home/utkarsh/Dropbox/Utkarsh/testUpload/RestoreBy1.00%HF/040s/20kX _13544.dm3	0.063065 GB
20200714 01:22:18	/home/utkarsh/Desktop/testUpload/RestoreBy1.00%HF/040s/20kX _13547.png	/home/utkarsh/Dropbox/Utkarsh/testUpload/RestoreBy1.00%HF/040s/20kX _13547.png	0.007464 GB
20200714 01:22:18	/home/utkarsh/Desktop/testUpload/RestoreBy1.00%HF/040s/20kX _13553.png	/home/utkarsh/Dropbox/Utkarsh/testUpload/RestoreBy1.00%HF/040s/20kX _13553.png	0.007386 GB
20200714 01:22:18	/home/utkarsh/Desktop/testUpload/RestoreBy1.00%HF/040s/20kX _13549.dm3	/home/utkarsh/Dropbox/Utkarsh/testUpload/RestoreBy1.00%HF/040s/20kX _13549.dm3	0.063065 GB
20200714 01:22:18	/home/utkarsh/Desktop/testUpload/RestoreBy1.00%HF/040s/20kX _13543.png	/home/utkarsh/Dropbox/Utkarsh/testUpload/RestoreBy1.00%HF/040s/20kX _13543.png	0.007258 GB
20200714 01:22:18	/home/utkarsh/Desktop/testUpload/RestoreBy1.00%HF/040s/20kX _13548.dm3	/home/utkarsh/Dropbox/Utkarsh/testUpload/RestoreBy1.00%HF/040s/20kX _13548.dm3	0.063065 GB
20200714 01:22:18	/home/utkarsh/Desktop/testUpload/RestoreBy1.00%HF/040s/20kX _13548.png	/home/utkarsh/Dropbox/Utkarsh/testUpload/RestoreBy1.00%HF/040s/20kX _13548.png	0.007412 GB
20200714 01:22:18	/home/utkarsh/Desktop/testUpload/RestoreBy1.00%HF/040s/20kX _13545.dm3	/home/utkarsh/Dropbox/Utkarsh/testUpload/RestoreBy1.00%HF/040s/20kX _13545.dm3	0.063065 GB
20200714 01:22:18	/home/utkarsh/Desktop/testUpload/RestoreBy1.00%HF/040s/20kX _13550.png	/home/utkarsh/Dropbox/Utkarsh/testUpload/RestoreBy1.00%HF/040s/20kX _13550.png	0.007388 GB
20200714 01:22:18	/home/utkarsh/Desktop/testUpload/RestoreBy1.00%HF/040s/20kX _13544.png	/home/utkarsh/Dropbox/Utkarsh/testUpload/RestoreBy1.00%HF/040s/20kX _13544.png	0.007231 GB
20200714 01:22:18	/home/utkarsh/Desktop/testUpload/RestoreBy1.00%HF/020s/20kX _13523.dm3	/home/utkarsh/Dropbox/Utkarsh/testUpload/RestoreBy1.00%HF/020s/20kX _13523.dm3	0.063065 GB
20200714 01:22:18	/home/utkarsh/Desktop/testUpload/RestoreBy1.00%HF/020s/20kX _13526.png	/home/utkarsh/Dropbox/Utkarsh/testUpload/RestoreBy1.00%HF/020s/20kX _13526.png	0.007303 GB
20200714 01:22:18	/home/utkarsh/Desktop/testUpload/RestoreBy1.00%HF/020s/20kX _13521.png	/home/utkarsh/Dropbox/Utkarsh/testUpload/RestoreBy1.00%HF/020s/20kX _13521.png	0.007474 GB
20200714 01:22:18	/home/utkarsh/Desktop/testUpload/RestoreBy1.00%HF/020s/20kX _13524.dm3	/home/utkarsh/Dropbox/Utkarsh/testUpload/RestoreBy1.00%HF/020s/20kX _13524.dm3	0.063065 GB
20200714 01:22:18	/home/utkarsh/Desktop/testUpload/RestoreBy1.00%HF/020s/20kX _13525.png	/home/utkarsh/Dropbox/Utkarsh/testUpload/RestoreBy1.00%HF/020s/20kX _13525.png	0.007435 GB
20200714 01:22:18	/home/utkarsh/Desktop/testUpload/RestoreBy1.00%HF/020s/20kX _13529.png	/home/utkarsh/Dropbox/Utkarsh/testUpload/RestoreBy1.00%HF/020s/20kX _13529.png	0.007414 GB
20200714 01:22:18	/home/utkarsh/Desktop/testUpload/RestoreBy1.00%HF/020s/20kX _13524.png	/home/utkarsh/Dropbox/Utkarsh/testUpload/RestoreBy1.00%HF/020s/20kX _13524.png	0.007352 GB
20200714 01:22:18	/home/utkarsh/Desktop/testUpload/RestoreBy1.00%HF/020s/20kX _13527.dm3	/home/utkarsh/Dropbox/Utkarsh/testUpload/RestoreBy1.00%HF/020s/20kX _13527.dm3	0.063065 GB
20200714 01:22:18	/home/utkarsh/Desktop/testUpload/RestoreBy1.00%HF/020s/20kX _13520.png	/home/utkarsh/Dropbox/Utkarsh/testUpload/RestoreBy1.00%HF/020s/20kX _13520.png	0.007391 GB
20200714 01:22:18	/home/utkarsh/Desktop/testUpload/RestoreBy1.00%HF/020s/20kX _13530.dm3	/home/utkarsh/Dropbox/Utkarsh/testUpload/RestoreBy1.00%HF/020s/20kX _13530.dm3	0.063065 GB
20200714 01:22:18	/home/utkarsh/Desktop/testUpload/RestoreBy1.00%HF/020s/20kX _13522.png	/home/utkarsh/Dropbox/Utkarsh/testUpload/RestoreBy1.00%HF/020s/20kX _13522.png	0.007515 GB
20200714 01:22:18	/home/utkarsh/Desktop/testUpload/RestoreBy1.00%HF/020s/20kX _13526.dm3	/home/utkarsh/Dropbox/Utkarsh/testUpload/RestoreBy1.00%HF/020s/20kX _13526.dm3	0.063065 GB
20200714 01:22:18	/home/utkarsh/Desktop/testUpload/RestoreBy1.00%HF/020s/20kX _13527.png	/home/utkarsh/Dropbox/Utkarsh/testUpload/RestoreBy1.00%HF/020s/20kX _13527.png	0.007427 GB
20200714 01:22:18	/home/utkarsh/Desktop/testUpload/RestoreBy1.00%HF/020s/20kX _13528.png	/home/utkarsh/Dropbox/Utkarsh/testUpload/RestoreBy1.00%HF/020s/20kX _13528.png	0.007427 GB
20200714 01:22:18	/home/utkarsh/Desktop/testUpload/RestoreBy1.00%HF/020s/20kX _13529.dm3	/home/utkarsh/Dropbox/Utkarsh/testUpload/RestoreBy1.00%HF/020s/20kX _13529.dm3	0.063065 GB
20200714 01:22:18	/home/utkarsh/Desktop/testUpload/RestoreBy1.00%HF/020s/20kX _13528.dm3	/home/utkarsh/Dropbox/Utkarsh/testUpload/RestoreBy1.00%HF/020s/20kX _13528.dm3	0.063065 GB
20200714 01:22:18	/home/utkarsh/Desktop/testUpload/RestoreBy1.00%HF/020s/20kX _13525.dm3	/home/utkarsh/Dropbox/Utkarsh/testUpload/RestoreBy1.00%HF/020s/20kX _13525.dm3	0.063065 GB
20200714 01:22:18	/home/utkarsh/Desktop/testUpload/RestoreBy1.00%HF/020s/20kX _13521.dm3	/home/utkarsh/Dropbox/Utkarsh/testUpload/RestoreBy1.00%HF/020s/20kX _13521.dm3	0.063065 GB
20200714 01:22:18	/home/utkarsh/Desktop/testUpload/RestoreBy1.00%HF/020s/20kX _13519.png	/home/utkarsh/Dropbox/Utkarsh/testUpload/RestoreBy1.00%HF/020s/20kX _13519.png	0.007487 GB
20200714 01:22:18	/home/utkarsh/Desktop/testUpload/RestoreBy1.00%HF/020s/20kX _13530.png	/home/utkarsh/Dropbox/Utkarsh/testUpload/RestoreBy1.00%HF/020s/20kX _13530.png	0.007395 GB
20200714 01:22:18	/home/utkarsh/Desktop/testUpload/RestoreBy1.00%HF/020s/20kX _13523.png	/home/utkarsh/Dropbox/Utkarsh/testUpload/RestoreBy1.00%HF/020s/20kX _13523.png	0.007474 GB
20200714 01:22:18	/home/utkarsh/Desktop/testUpload/RestoreBy1.00%HF/020s/20kX _13522.dm3	/home/utkarsh/Dropbox/Utkarsh/testUpload/RestoreBy1.00%HF/020s/20kX _13522.dm3	0.063065 GB
20200714 01:22:18	/home/utkarsh/Desktop/testUpload/RestoreBy1.00%HF/020s/20kX _13519.dm3	/home/utkarsh/Dropbox/Utkarsh/testUpload/RestoreBy1.00%HF/020s/20kX _13519.dm3	0.063065 GB
20200714 01:22:18	/home/utkarsh/Desktop/testUpload/RestoreBy1.00%HF/020s/20kX _13520.dm3	/home/utkarsh/Dropbox/Utkarsh/testUpload/RestoreBy1.00%HF/020s/20kX _13520.dm3	0.063065 GB
20200714 01:22:18	/home/utkarsh/Desktop/testUpload/RestoreBy1.00%HF/005s/20kX _15071.png	/home/utkarsh/Dropbox/Utkarsh/testUpload/RestoreBy1.00%HF/005s/20kX _15071.png	0.007861 GB
20200714 01:22:18	/home/utkarsh/Desktop/testUpload/RestoreBy1.00%HF/005s/20kX _15070.dm3	/home/utkarsh/Dropbox/Utkarsh/testUpload/RestoreBy1.00%HF/005s/20kX _15070.dm3	0.063065 GB
20200714 01:22:18	/home/utkarsh/Desktop/testUpload/RestoreBy1.00%HF/005s/20kX _15067.png	/home/utkarsh/Dropbox/Utkarsh/testUpload/RestoreBy1.00%HF/005s/20kX _15067.png	0.007681 GB
20200714 01:22:18	/home/utkarsh/Desktop/testUpload/RestoreBy1.00%HF/005s/20kX _15073.png	/home/utkarsh/Dropbox/Utkarsh/testUpload/RestoreBy1.00%HF/005s/20kX _15073.png	0.007730 GB
20200714 01:22:18	/home/utkarsh/Desktop/testUpload/RestoreBy1.00%HF/005s/20kX _15072.dm3	/home/utkarsh/Dropbox/Utkarsh/testUpload/RestoreBy1.00%HF/005s/20kX _15072.dm3	0.063065 GB
20200714 01:22:18	/home/utkarsh/Desktop/testUpload/RestoreBy1.00%HF/005s/20kX _15068.png	/home/utkarsh/Dropbox/Utkarsh/testUpload/RestoreBy1.00%HF/005s/20kX _15068.png	0.007651 GB
20200714 01:22:18	/home/utkarsh/Desktop/testUpload/RestoreBy1.00%HF/005s/20kX _15075.png	/home/utkarsh/Dropbox/Utkarsh/testUpload/RestoreBy1.00%HF/005s/20kX _15075.png	0.007691 GB
20200714 01:22:18	/home/utkarsh/Desktop/testUpload/RestoreBy1.00%HF/005s/20kX _15070.png	/home/utkarsh/Dropbox/Utkarsh/testUpload/RestoreBy1.00%HF/005s/20kX _15070.png	0.007687 GB
20200714 01:22:18	/home/utkarsh/Desktop/testUpload/RestoreBy1.00%HF/005s/20kX _15077.dm3	/home/utkarsh/Dropbox/Utkarsh/testUpload/RestoreBy1.00%HF/005s/20kX _15077.dm3	0.063065 GB
20200714 01:22:18	/home/utkarsh/Desktop/testUpload/RestoreBy1.00%HF/005s/20kX _15074.png	/home/utkarsh/Dropbox/Utkarsh/testUpload/RestoreBy1.00%HF/005s/20kX _15074.png	0.007728 GB
20200714 01:22:18	/home/utkarsh/Desktop/testUpload/RestoreBy1.00%HF/005s/20kX _15078.png	/home/utkarsh/Dropbox/Utkarsh/testUpload/RestoreBy1.00%HF/005s/20kX _15078.png	0.007705 GB
20200714 01:22:18	/home/utkarsh/Desktop/testUpload/RestoreBy1.00%HF/005s/20kX _15077.png	/home/utkarsh/Dropbox/Utkarsh/testUpload/RestoreBy1.00%HF/005s/20kX _15077.png	0.007766 GB
20200714 01:22:18	/home/utkarsh/Desktop/testUpload/RestoreBy1.00%HF/005s/20kX _15078.dm3	/home/utkarsh/Dropbox/Utkarsh/testUpload/RestoreBy1.00%HF/005s/20kX _15078.dm3	0.063065 GB
20200714 01:22:18	/home/utkarsh/Desktop/testUpload/RestoreBy1.00%HF/005s/20kX _15071.dm3	/home/utkarsh/Dropbox/Utkarsh/testUpload/RestoreBy1.00%HF/005s/20kX _15071.dm3	0.063065 GB
20200714 01:22:18	/home/utkarsh/Desktop/testUpload/RestoreBy1.00%HF/005s/20kX _15074.dm3	/home/utkarsh/Dropbox/Utkarsh/testUpload/RestoreBy1.00%HF/005s/20kX _15074.dm3	0.063065 GB
20200714 01:22:18	/home/utkarsh/Desktop/testUpload/RestoreBy1.00%HF/005s/20kX _15076.png	/home/utkarsh/Dropbox/Utkarsh/testUpload/RestoreBy1.00%HF/005s/20kX _15076.png	0.007724 GB
20200714 01:22:18	/home/utkarsh/Desktop/testUpload/RestoreBy1.00%HF/005s/20kX _15068.dm3	/home/utkarsh/Dropbox/Utkarsh/testUpload/RestoreBy1.00%HF/005s/20kX _15068.dm3	0.063065 GB
20200714 01:22:18	/home/utkarsh/Desktop/testUpload/RestoreBy1.00%HF/005s/20kX _15069.dm3	/home/utkarsh/Dropbox/Utkarsh/testUpload/RestoreBy1.00%HF/005s/20kX _15069.dm3	0.063065 GB
20200714 01:22:18	/home/utkarsh/Desktop/testUpload/RestoreBy1.00%HF/005s/20kX _15073.dm3	/home/utkarsh/Dropbox/Utkarsh/testUpload/RestoreBy1.00%HF/005s/20kX _15073.dm3	0.063065 GB
20200714 01:22:18	/home/utkarsh/Desktop/testUpload/RestoreBy1.00%HF/005s/20kX _15072.png	/home/utkarsh/Dropbox/Utkarsh/testUpload/RestoreBy1.00%HF/005s/20kX _15072.png	0.007739 GB
20200714 01:22:18	/home/utkarsh/Desktop/testUpload/RestoreBy1.00%HF/005s/20kX _15069.png	/home/utkarsh/Dropbox/Utkarsh/testUpload/RestoreBy1.00%HF/005s/20kX _15069.png	0.007676 GB
20200714 01:22:18	/home/utkarsh/Desktop/testUpload/RestoreBy1.00%HF/005s/20kX _15076.dm3	/home/utkarsh/Dropbox/Utkarsh/testUpload/RestoreBy1.00%HF/005s/20kX _15076.dm3	0.063065 GB
20200714 01:22:18	/home/utkarsh/Desktop/testUpload/RestoreBy1.00%HF/005s/20kX _15075.dm3	/home/utkarsh/Dropbox/Utkarsh/testUpload/RestoreBy1.00%HF/005s/20kX _15075.dm3	0.063065 GB
20200714 01:22:18	/home/utkarsh/Desktop/testUpload/RestoreBy1.00%HF/005s/20kX _15067.dm3	/home/utkarsh/Dropbox/Utkarsh/testUpload/RestoreBy1.00%HF/005s/20kX _15067.dm3	0.063065 GB
20200714 01:22:18	/home/utkarsh/Desktop/testUpload/RestoreBy1.00%HF/050s/20kX _13566.png	/home/utkarsh/Dropbox/Utkarsh/testUpload/RestoreBy1.00%HF/050s/20kX _13566.png	0.007327 GB
20200714 01:22:18	/home/utkarsh/Desktop/testUpload/RestoreBy1.00%HF/050s/20kX _13561.dm3	/home/utkarsh/Dropbox/Utkarsh/testUpload/RestoreBy1.00%HF/050s/20kX _13561.dm3	0.063065 GB
20200714 01:22:18	/home/utkarsh/Desktop/testUpload/RestoreBy1.00%HF/050s/20kX _13557.png	/home/utkarsh/Dropbox/Utkarsh/testUpload/RestoreBy1.00%HF/050s/20kX _13557.png	0.007268 GB
20200714 01:22:18	/home/utkarsh/Desktop/testUpload/RestoreBy1.00%HF/050s/20kX _13555.png	/home/utkarsh/Dropbox/Utkarsh/testUpload/RestoreBy1.00%HF/050s/20kX _13555.png	0.007455 GB
20200714 01:22:18	/home/utkarsh/Desktop/testUpload/RestoreBy1.00%HF/050s/20kX _13559.dm3	/home/utkarsh/Dropbox/Utkarsh/testUpload/RestoreBy1.00%HF/050s/20kX _13559.dm3	0.063065 GB
20200714 01:22:18	/home/utkarsh/Desktop/testUpload/RestoreBy1.00%HF/050s/20kX _13556.png	/home/utkarsh/Dropbox/Utkarsh/testUpload/RestoreBy1.00%HF/050s/20kX _13556.png	0.007297 GB
20200714 01:22:18	/home/utkarsh/Desktop/testUpload/RestoreBy1.00%HF/050s/20kX _13562.dm3	/home/utkarsh/Dropbox/Utkarsh/testUpload/RestoreBy1.00%HF/050s/20kX _13562.dm3	0.063065 GB
20200714 01:22:18	/home/utkarsh/Desktop/testUpload/RestoreBy1.00%HF/050s/20kX _13565.png	/home/utkarsh/Dropbox/Utkarsh/testUpload/RestoreBy1.00%HF/050s/20kX _13565.png	0.007350 GB
20200714 01:22:18	/home/utkarsh/Desktop/testUpload/RestoreBy1.00%HF/050s/20kX _13555.dm3	/home/utkarsh/Dropbox/Utkarsh/testUpload/RestoreBy1.00%HF/050s/20kX _13555.dm3	0.063065 GB
20200714 01:22:18	/home/utkarsh/Desktop/testUpload/RestoreBy1.00%HF/050s/20kX _13559.png	/home/utkarsh/Dropbox/Utkarsh/testUpload/RestoreBy1.00%HF/050s/20kX _13559.png	0.007338 GB
20200714 01:22:18	/home/utkarsh/Desktop/testUpload/RestoreBy1.00%HF/050s/20kX _13560.dm3	/home/utkarsh/Dropbox/Utkarsh/testUpload/RestoreBy1.00%HF/050s/20kX _13560.dm3	0.063065 GB
20200714 01:22:18	/home/utkarsh/Desktop/testUpload/RestoreBy1.00%HF/050s/20kX _13564.dm3	/home/utkarsh/Dropbox/Utkarsh/testUpload/RestoreBy1.00%HF/050s/20kX _13564.dm3	0.063065 GB
20200714 01:22:18	/home/utkarsh/Desktop/testUpload/RestoreBy1.00%HF/050s/20kX _13557.dm3	/home/utkarsh/Dropbox/Utkarsh/testUpload/RestoreBy1.00%HF/050s/20kX _13557.dm3	0.063065 GB
20200714 01:22:18	/home/utkarsh/Desktop/testUpload/RestoreBy1.00%HF/050s/20kX _13564.png	/home/utkarsh/Dropbox/Utkarsh/testUpload/RestoreBy1.00%HF/050s/20kX _13564.png	0.007428 GB
20200714 01:22:18	/home/utkarsh/Desktop/testUpload/RestoreBy1.00%HF/050s/20kX _13563.png	/home/utkarsh/Dropbox/Utkarsh/testUpload/RestoreBy1.00%HF/050s/20kX _13563.png	0.007344 GB
20200714 01:22:18	/home/utkarsh/Desktop/testUpload/RestoreBy1.00%HF/050s/20kX _13558.png	/home/utkarsh/Dropbox/Utkarsh/testUpload/RestoreBy1.00%HF/050s/20kX _13558.png	0.007348 GB
20200714 01:22:18	/home/utkarsh/Desktop/testUpload/RestoreBy1.00%HF/050s/20kX _13563.dm3	/home/utkarsh/Dropbox/Utkarsh/testUpload/RestoreBy1.00%HF/050s/20kX _13563.dm3	0.063065 GB
20200714 01:22:18	/home/utkarsh/Desktop/testUpload/RestoreBy1.00%HF/050s/20kX _13556.dm3	/home/utkarsh/Dropbox/Utkarsh/testUpload/RestoreBy1.00%HF/050s/20kX _13556.dm3	0.063065 GB
20200714 01:22:18	/home/utkarsh/Desktop/testUpload/RestoreBy1.00%HF/050s/20kX _13566.dm3	/home/utkarsh/Dropbox/Utkarsh/testUpload/RestoreBy1.00%HF/050s/20kX _13566.dm3	0.063065 GB
20200714 01:22:18	/home/utkarsh/Desktop/testUpload/RestoreBy1.00%HF/050s/20kX _13561.png	/home/utkarsh/Dropbox/Utkarsh/testUpload/RestoreBy1.00%HF/050s/20kX _13561.png	0.007390 GB
20200714 01:22:18	/home/utkarsh/Desktop/testUpload/RestoreBy1.00%HF/050s/20kX _13560.png	/home/utkarsh/Dropbox/Utkarsh/testUpload/RestoreBy1.00%HF/050s/20kX _13560.png	0.007384 GB
20200714 01:22:18	/home/utkarsh/Desktop/testUpload/RestoreBy1.00%HF/050s/20kX _13565.dm3	/home/utkarsh/Dropbox/Utkarsh/testUpload/RestoreBy1.00%HF/050s/20kX _13565.dm3	0.063065 GB
20200714 01:22:18	/home/utkarsh/Desktop/testUpload/RestoreBy1.00%HF/050s/20kX _13558.dm3	/home/utkarsh/Dropbox/Utkarsh/testUpload/RestoreBy1.00%HF/050s/20kX _13558.dm3	0.063065 GB
20200714 01:22:18	/home/utkarsh/Desktop/testUpload/RestoreBy1.00%HF/050s/20kX _13562.png	/home/utkarsh/Dropbox/Utkarsh/testUpload/RestoreBy1.00%HF/050s/20kX _13562.png	0.007391 GB
20200714 01:22:18	/home/utkarsh/Desktop/testUpload/RestoreBy1.00%HF/060s/20kX _13576.dm3	/home/utkarsh/Dropbox/Utkarsh/testUpload/RestoreBy1.00%HF/060s/20kX _13576.dm3	0.063065 GB
20200714 01:22:18	/home/utkarsh/Desktop/testUpload/RestoreBy1.00%HF/060s/20kX _13568.png	/home/utkarsh/Dropbox/Utkarsh/testUpload/RestoreBy1.00%HF/060s/20kX _13568.png	0.007515 GB
20200714 01:22:18	/home/utkarsh/Desktop/testUpload/RestoreBy1.00%HF/060s/20kX _13578.png	/home/utkarsh/Dropbox/Utkarsh/testUpload/RestoreBy1.00%HF/060s/20kX _13578.png	0.007452 GB
20200714 01:22:18	/home/utkarsh/Desktop/testUpload/RestoreBy1.00%HF/060s/20kX _13578.dm3	/home/utkarsh/Dropbox/Utkarsh/testUpload/RestoreBy1.00%HF/060s/20kX _13578.dm3	0.063065 GB
20200714 01:22:18	/home/utkarsh/Desktop/testUpload/RestoreBy1.00%HF/060s/20kX _13573.png	/home/utkarsh/Dropbox/Utkarsh/testUpload/RestoreBy1.00%HF/060s/20kX _13573.png	0.007529 GB
20200714 01:22:18	/home/utkarsh/Desktop/testUpload/RestoreBy1.00%HF/060s/20kX _13575.png	/home/utkarsh/Dropbox/Utkarsh/testUpload/RestoreBy1.00%HF/060s/20kX _13575.png	0.007454 GB
20200714 01:22:18	/home/utkarsh/Desktop/testUpload/RestoreBy1.00%HF/060s/20kX _13575.dm3	/home/utkarsh/Dropbox/Utkarsh/testUpload/RestoreBy1.00%HF/060s/20kX _13575.dm3	0.063065 GB
20200714 01:22:18	/home/utkarsh/Desktop/testUpload/RestoreBy1.00%HF/060s/20kX _13571.dm3	/home/utkarsh/Dropbox/Utkarsh/testUpload/RestoreBy1.00%HF/060s/20kX _13571.dm3	0.063065 GB
20200714 01:22:18	/home/utkarsh/Desktop/testUpload/RestoreBy1.00%HF/060s/20kX _13570.dm3	/home/utkarsh/Dropbox/Utkarsh/testUpload/RestoreBy1.00%HF/060s/20kX _13570.dm3	0.063065 GB
20200714 01:22:18	/home/utkarsh/Desktop/testUpload/RestoreBy1.00%HF/060s/20kX _13567.dm3	/home/utkarsh/Dropbox/Utkarsh/testUpload/RestoreBy1.00%HF/060s/20kX _13567.dm3	0.063065 GB
20200714 01:22:18	/home/utkarsh/Desktop/testUpload/RestoreBy1.00%HF/060s/20kX _13570.png	/home/utkarsh/Dropbox/Utkarsh/testUpload/RestoreBy1.00%HF/060s/20kX _13570.png	0.007436 GB
20200714 01:22:18	/home/utkarsh/Desktop/testUpload/RestoreBy1.00%HF/060s/20kX _13577.dm3	/home/utkarsh/Dropbox/Utkarsh/testUpload/RestoreBy1.00%HF/060s/20kX _13577.dm3	0.063065 GB
20200714 01:22:18	/home/utkarsh/Desktop/testUpload/RestoreBy1.00%HF/060s/20kX _13571.png	/home/utkarsh/Dropbox/Utkarsh/testUpload/RestoreBy1.00%HF/060s/20kX _13571.png	0.007404 GB
20200714 01:22:18	/home/utkarsh/Desktop/testUpload/RestoreBy1.00%HF/060s/20kX _13567.png	/home/utkarsh/Dropbox/Utkarsh/testUpload/RestoreBy1.00%HF/060s/20kX _13567.png	0.007507 GB
20200714 01:22:18	/home/utkarsh/Desktop/testUpload/RestoreBy1.00%HF/060s/20kX _13573.dm3	/home/utkarsh/Dropbox/Utkarsh/testUpload/RestoreBy1.00%HF/060s/20kX _13573.dm3	0.063065 GB
20200714 01:22:18	/home/utkarsh/Desktop/testUpload/RestoreBy1.00%HF/060s/20kX _13574.dm3	/home/utkarsh/Dropbox/Utkarsh/testUpload/RestoreBy1.00%HF/060s/20kX _13574.dm3	0.063065 GB
20200714 01:22:18	/home/utkarsh/Desktop/testUpload/RestoreBy1.00%HF/060s/20kX _13568.dm3	/home/utkarsh/Dropbox/Utkarsh/testUpload/RestoreBy1.00%HF/060s/20kX _13568.dm3	0.063065 GB
20200714 01:22:18	/home/utkarsh/Desktop/testUpload/RestoreBy1.00%HF/060s/20kX _13577.png	/home/utkarsh/Dropbox/Utkarsh/testUpload/RestoreBy1.00%HF/060s/20kX _13577.png	0.007438 GB
20200714 01:22:18	/home/utkarsh/Desktop/testUpload/RestoreBy1.00%HF/060s/20kX _13572.png	/home/utkarsh/Dropbox/Utkarsh/testUpload/RestoreBy1.00%HF/060s/20kX _13572.png	0.007604 GB
20200714 01:22:18	/home/utkarsh/Desktop/testUpload/RestoreBy1.00%HF/060s/20kX _13569.dm3	/home/utkarsh/Dropbox/Utkarsh/testUpload/RestoreBy1.00%HF/060s/20kX _13569.dm3	0.063065 GB
20200714 01:22:18	/home/utkarsh/Desktop/testUpload/RestoreBy1.00%HF/060s/20kX _13579_overfoucs_Z24.dm3	/home/utkarsh/Dropbox/Utkarsh/testUpload/RestoreBy1.00%HF/060s/20kX _13579_overfoucs_Z24.dm3	0.063065 GB
20200714 01:22:18	/home/utkarsh/Desktop/testUpload/RestoreBy1.00%HF/060s/20kX _13569.png	/home/utkarsh/Dropbox/Utkarsh/testUpload/RestoreBy1.00%HF/060s/20kX _13569.png	0.007417 GB
20200714 01:22:18	/home/utkarsh/Desktop/testUpload/RestoreBy1.00%HF/060s/20kX _13574.png	/home/utkarsh/Dropbox/Utkarsh/testUpload/RestoreBy1.00%HF/060s/20kX _13574.png	0.007455 GB
20200714 01:22:18	/home/utkarsh/Desktop/testUpload/RestoreBy1.00%HF/060s/20kX _13572.dm3	/home/utkarsh/Dropbox/Utkarsh/testUpload/RestoreBy1.00%HF/060s/20kX _13572.dm3	0.063065 GB
20200714 01:22:18	/home/utkarsh/Desktop/testUpload/RestoreBy1.00%HF/060s/20kX _13576.png	/home/utkarsh/Dropbox/Utkarsh/testUpload/RestoreBy1.00%HF/060s/20kX _13576.png	0.007430 GB
20200714 01:22:18	/home/utkarsh/Desktop/testUpload/RestoreBy1.00%HF/180s/20kX _15081.png	/home/utkarsh/Dropbox/Utkarsh/testUpload/RestoreBy1.00%HF/180s/20kX _15081.png	0.007560 GB
20200714 01:22:18	/home/utkarsh/Desktop/testUpload/RestoreBy1.00%HF/180s/20kX _15090.png	/home/utkarsh/Dropbox/Utkarsh/testUpload/RestoreBy1.00%HF/180s/20kX _15090.png	0.007689 GB
20200714 01:22:18	/home/utkarsh/Desktop/testUpload/RestoreBy1.00%HF/180s/20kX _15083.png	/home/utkarsh/Dropbox/Utkarsh/testUpload/RestoreBy1.00%HF/180s/20kX _15083.png	0.007610 GB
20200714 01:22:18	/home/utkarsh/Desktop/testUpload/RestoreBy1.00%HF/180s/20kX _15085.png	/home/utkarsh/Dropbox/Utkarsh/testUpload/RestoreBy1.00%HF/180s/20kX _15085.png	0.007626 GB
20200714 01:22:18	/home/utkarsh/Desktop/testUpload/RestoreBy1.00%HF/180s/20kX _15083.dm3	/home/utkarsh/Dropbox/Utkarsh/testUpload/RestoreBy1.00%HF/180s/20kX _15083.dm3	0.063065 GB
20200714 01:22:18	/home/utkarsh/Desktop/testUpload/RestoreBy1.00%HF/180s/20kX _15079.dm3	/home/utkarsh/Dropbox/Utkarsh/testUpload/RestoreBy1.00%HF/180s/20kX _15079.dm3	0.063065 GB
20200714 01:22:18	/home/utkarsh/Desktop/testUpload/RestoreBy1.00%HF/180s/20kX _15084.dm3	/home/utkarsh/Dropbox/Utkarsh/testUpload/RestoreBy1.00%HF/180s/20kX _15084.dm3	0.063065 GB
20200714 01:22:18	/home/utkarsh/Desktop/testUpload/RestoreBy1.00%HF/180s/20kX _15082.png	/home/utkarsh/Dropbox/Utkarsh/testUpload/RestoreBy1.00%HF/180s/20kX _15082.png	0.007518 GB
20200714 01:22:18	/home/utkarsh/Desktop/testUpload/RestoreBy1.00%HF/180s/20kX _15086.dm3	/home/utkarsh/Dropbox/Utkarsh/testUpload/RestoreBy1.00%HF/180s/20kX _15086.dm3	0.063065 GB
20200714 01:22:18	/home/utkarsh/Desktop/testUpload/RestoreBy1.00%HF/180s/20kX _15084.png	/home/utkarsh/Dropbox/Utkarsh/testUpload/RestoreBy1.00%HF/180s/20kX _15084.png	0.007640 GB
20200714 01:22:18	/home/utkarsh/Desktop/testUpload/RestoreBy1.00%HF/180s/20kX _15090.dm3	/home/utkarsh/Dropbox/Utkarsh/testUpload/RestoreBy1.00%HF/180s/20kX _15090.dm3	0.063065 GB
20200714 01:22:18	/home/utkarsh/Desktop/testUpload/RestoreBy1.00%HF/180s/20kX _15082.dm3	/home/utkarsh/Dropbox/Utkarsh/testUpload/RestoreBy1.00%HF/180s/20kX _15082.dm3	0.063065 GB
20200714 01:22:18	/home/utkarsh/Desktop/testUpload/RestoreBy1.00%HF/180s/20kX _15089.dm3	/home/utkarsh/Dropbox/Utkarsh/testUpload/RestoreBy1.00%HF/180s/20kX _15089.dm3	0.063065 GB
20200714 01:22:18	/home/utkarsh/Desktop/testUpload/RestoreBy1.00%HF/180s/20kX _15088.png	/home/utkarsh/Dropbox/Utkarsh/testUpload/RestoreBy1.00%HF/180s/20kX _15088.png	0.007859 GB
20200714 01:22:18	/home/utkarsh/Desktop/testUpload/RestoreBy1.00%HF/180s/20kX _15081.dm3	/home/utkarsh/Dropbox/Utkarsh/testUpload/RestoreBy1.00%HF/180s/20kX _15081.dm3	0.063065 GB
20200714 01:22:18	/home/utkarsh/Desktop/testUpload/RestoreBy1.00%HF/180s/20kX _15089.png	/home/utkarsh/Dropbox/Utkarsh/testUpload/RestoreBy1.00%HF/180s/20kX _15089.png	0.007858 GB
20200714 01:22:18	/home/utkarsh/Desktop/testUpload/RestoreBy1.00%HF/180s/20kX _15080.dm3	/home/utkarsh/Dropbox/Utkarsh/testUpload/RestoreBy1.00%HF/180s/20kX _15080.dm3	0.063065 GB
20200714 01:22:18	/home/utkarsh/Desktop/testUpload/RestoreBy1.00%HF/180s/20kX _15085.dm3	/home/utkarsh/Dropbox/Utkarsh/testUpload/RestoreBy1.00%HF/180s/20kX _15085.dm3	0.063065 GB
20200714 01:22:18	/home/utkarsh/Desktop/testUpload/RestoreBy1.00%HF/180s/20kX _15087.dm3	/home/utkarsh/Dropbox/Utkarsh/testUpload/RestoreBy1.00%HF/180s/20kX _15087.dm3	0.063065 GB
20200714 01:22:18	/home/utkarsh/Desktop/testUpload/RestoreBy1.00%HF/180s/20kX _15087.png	/home/utkarsh/Dropbox/Utkarsh/testUpload/RestoreBy1.00%HF/180s/20kX _15087.png	0.007791 GB
20200714 01:22:18	/home/utkarsh/Desktop/testUpload/RestoreBy1.00%HF/180s/20kX _15080.png	/home/utkarsh/Dropbox/Utkarsh/testUpload/RestoreBy1.00%HF/180s/20kX _15080.png	0.007587 GB
20200714 01:22:18	/home/utkarsh/Desktop/testUpload/RestoreBy1.00%HF/180s/20kX _15079.png	/home/utkarsh/Dropbox/Utkarsh/testUpload/RestoreBy1.00%HF/180s/20kX _15079.png	0.007617 GB
20200714 01:22:18	/home/utkarsh/Desktop/testUpload/RestoreBy1.00%HF/180s/20kX _15088.dm3	/home/utkarsh/Dropbox/Utkarsh/testUpload/RestoreBy1.00%HF/180s/20kX _15088.dm3	0.063065 GB
20200714 01:22:18	/home/utkarsh/Desktop/testUpload/RestoreBy1.00%HF/180s/20kX _15086.png	/home/utkarsh/Dropbox/Utkarsh/testUpload/RestoreBy1.00%HF/180s/20kX _15086.png	0.007616 GB
20200714 01:22:18	/home/utkarsh/Desktop/testUpload/RestoreBy1.00%HF/010s/20kX _13512.png	/home/utkarsh/Dropbox/Utkarsh/testUpload/RestoreBy1.00%HF/010s/20kX _13512.png	0.007527 GB
20200714 01:22:18	/home/utkarsh/Desktop/testUpload/RestoreBy1.00%HF/010s/20kX _13510.dm3	/home/utkarsh/Dropbox/Utkarsh/testUpload/RestoreBy1.00%HF/010s/20kX _13510.dm3	0.063065 GB
20200714 01:22:18	/home/utkarsh/Desktop/testUpload/RestoreBy1.00%HF/010s/20kX _13515.png	/home/utkarsh/Dropbox/Utkarsh/testUpload/RestoreBy1.00%HF/010s/20kX _13515.png	0.007693 GB
20200714 01:22:18	/home/utkarsh/Desktop/testUpload/RestoreBy1.00%HF/010s/20kX _13507.png	/home/utkarsh/Dropbox/Utkarsh/testUpload/RestoreBy1.00%HF/010s/20kX _13507.png	0.007461 GB
20200714 01:22:18	/home/utkarsh/Desktop/testUpload/RestoreBy1.00%HF/010s/20kX _13511.dm3	/home/utkarsh/Dropbox/Utkarsh/testUpload/RestoreBy1.00%HF/010s/20kX _13511.dm3	0.063065 GB
20200714 01:22:18	/home/utkarsh/Desktop/testUpload/RestoreBy1.00%HF/010s/20kX _13511.png	/home/utkarsh/Dropbox/Utkarsh/testUpload/RestoreBy1.00%HF/010s/20kX _13511.png	0.007641 GB
20200714 01:22:18	/home/utkarsh/Desktop/testUpload/RestoreBy1.00%HF/010s/20kX _13516.dm3	/home/utkarsh/Dropbox/Utkarsh/testUpload/RestoreBy1.00%HF/010s/20kX _13516.dm3	0.063065 GB
20200714 01:22:18	/home/utkarsh/Desktop/testUpload/RestoreBy1.00%HF/010s/20kX _13517.dm3	/home/utkarsh/Dropbox/Utkarsh/testUpload/RestoreBy1.00%HF/010s/20kX _13517.dm3	0.063065 GB
20200714 01:22:18	/home/utkarsh/Desktop/testUpload/RestoreBy1.00%HF/010s/20kX _13516.png	/home/utkarsh/Dropbox/Utkarsh/testUpload/RestoreBy1.00%HF/010s/20kX _13516.png	0.007641 GB
20200714 01:22:18	/home/utkarsh/Desktop/testUpload/RestoreBy1.00%HF/010s/20kX _13517.png	/home/utkarsh/Dropbox/Utkarsh/testUpload/RestoreBy1.00%HF/010s/20kX _13517.png	0.007611 GB
20200714 01:22:18	/home/utkarsh/Desktop/testUpload/RestoreBy1.00%HF/010s/20kX _13512.dm3	/home/utkarsh/Dropbox/Utkarsh/testUpload/RestoreBy1.00%HF/010s/20kX _13512.dm3	0.063065 GB
20200714 01:22:18	/home/utkarsh/Desktop/testUpload/RestoreBy1.00%HF/010s/20kX _13515.dm3	/home/utkarsh/Dropbox/Utkarsh/testUpload/RestoreBy1.00%HF/010s/20kX _13515.dm3	0.063065 GB
20200714 01:22:18	/home/utkarsh/Desktop/testUpload/RestoreBy1.00%HF/010s/20kX _13508.png	/home/utkarsh/Dropbox/Utkarsh/testUpload/RestoreBy1.00%HF/010s/20kX _13508.png	0.007543 GB
20200714 01:22:18	/home/utkarsh/Desktop/testUpload/RestoreBy1.00%HF/010s/20kX _13510.png	/home/utkarsh/Dropbox/Utkarsh/testUpload/RestoreBy1.00%HF/010s/20kX _13510.png	0.007628 GB
20200714 01:28:18	Uploading batch 5/5
20200714 01:28:18	/home/utkarsh/Desktop/testUpload/RestoreBy1.00%HF/010s/20kX _13507.dm3	/home/utkarsh/Dropbox/Utkarsh/testUpload/RestoreBy1.00%HF/010s/20kX _13507.dm3	0.063065 GB
20200714 01:28:18	/home/utkarsh/Desktop/testUpload/RestoreBy1.00%HF/010s/20kX _13508.dm3	/home/utkarsh/Dropbox/Utkarsh/testUpload/RestoreBy1.00%HF/010s/20kX _13508.dm3	0.063065 GB
20200714 01:28:18	/home/utkarsh/Desktop/testUpload/RestoreBy1.00%HF/010s/20kX _13518.png	/home/utkarsh/Dropbox/Utkarsh/testUpload/RestoreBy1.00%HF/010s/20kX _13518.png	0.007661 GB
20200714 01:28:18	/home/utkarsh/Desktop/testUpload/RestoreBy1.00%HF/010s/20kX _13514.dm3	/home/utkarsh/Dropbox/Utkarsh/testUpload/RestoreBy1.00%HF/010s/20kX _13514.dm3	0.063065 GB
20200714 01:28:18	/home/utkarsh/Desktop/testUpload/RestoreBy1.00%HF/010s/20kX _13509.png	/home/utkarsh/Dropbox/Utkarsh/testUpload/RestoreBy1.00%HF/010s/20kX _13509.png	0.007605 GB
20200714 01:28:18	/home/utkarsh/Desktop/testUpload/RestoreBy1.00%HF/010s/20kX _13518.dm3	/home/utkarsh/Dropbox/Utkarsh/testUpload/RestoreBy1.00%HF/010s/20kX _13518.dm3	0.063065 GB
20200714 01:28:18	/home/utkarsh/Desktop/testUpload/RestoreBy1.00%HF/010s/20kX _13514.png	/home/utkarsh/Dropbox/Utkarsh/testUpload/RestoreBy1.00%HF/010s/20kX _13514.png	0.007585 GB
20200714 01:28:18	/home/utkarsh/Desktop/testUpload/RestoreBy1.00%HF/010s/20kX _13513.png	/home/utkarsh/Dropbox/Utkarsh/testUpload/RestoreBy1.00%HF/010s/20kX _13513.png	0.007581 GB
20200714 01:28:18	/home/utkarsh/Desktop/testUpload/RestoreBy1.00%HF/010s/20kX _13513.dm3	/home/utkarsh/Dropbox/Utkarsh/testUpload/RestoreBy1.00%HF/010s/20kX _13513.dm3	0.063065 GB
20200714 01:28:18	/home/utkarsh/Desktop/testUpload/RestoreBy1.00%HF/010s/20kX _13509.dm3	/home/utkarsh/Dropbox/Utkarsh/testUpload/RestoreBy1.00%HF/010s/20kX _13509.dm3	0.063065 GB
20200714 01:28:18	/home/utkarsh/Desktop/testUpload/RestoreBy1.00%HF/000s/20kX _13252.dm3	/home/utkarsh/Dropbox/Utkarsh/testUpload/RestoreBy1.00%HF/000s/20kX _13252.dm3	0.063065 GB
20200714 01:28:19	/home/utkarsh/Desktop/testUpload/RestoreBy1.00%HF/000s/20kX _13253.png	/home/utkarsh/Dropbox/Utkarsh/testUpload/RestoreBy1.00%HF/000s/20kX _13253.png	0.007719 GB
20200714 01:28:19	/home/utkarsh/Desktop/testUpload/RestoreBy1.00%HF/000s/20kX _13253.dm3	/home/utkarsh/Dropbox/Utkarsh/testUpload/RestoreBy1.00%HF/000s/20kX _13253.dm3	0.063065 GB
20200714 01:28:19	/home/utkarsh/Desktop/testUpload/RestoreBy1.00%HF/000s/20kX _13254.png	/home/utkarsh/Dropbox/Utkarsh/testUpload/RestoreBy1.00%HF/000s/20kX _13254.png	0.007626 GB
20200714 01:28:19	/home/utkarsh/Desktop/testUpload/RestoreBy1.00%HF/000s/20kX _13246.dm3	/home/utkarsh/Dropbox/Utkarsh/testUpload/RestoreBy1.00%HF/000s/20kX _13246.dm3	0.063065 GB
20200714 01:28:19	/home/utkarsh/Desktop/testUpload/RestoreBy1.00%HF/000s/20kX _13245.png	/home/utkarsh/Dropbox/Utkarsh/testUpload/RestoreBy1.00%HF/000s/20kX _13245.png	0.007461 GB
20200714 01:28:19	/home/utkarsh/Desktop/testUpload/RestoreBy1.00%HF/000s/20kX _13247.png	/home/utkarsh/Dropbox/Utkarsh/testUpload/RestoreBy1.00%HF/000s/20kX _13247.png	0.007444 GB
20200714 01:28:19	/home/utkarsh/Desktop/testUpload/RestoreBy1.00%HF/000s/20kX _13250.dm3	/home/utkarsh/Dropbox/Utkarsh/testUpload/RestoreBy1.00%HF/000s/20kX _13250.dm3	0.063065 GB
20200714 01:28:19	/home/utkarsh/Desktop/testUpload/RestoreBy1.00%HF/000s/20kX _13243.png	/home/utkarsh/Dropbox/Utkarsh/testUpload/RestoreBy1.00%HF/000s/20kX _13243.png	0.007501 GB
20200714 01:28:19	/home/utkarsh/Desktop/testUpload/RestoreBy1.00%HF/000s/20kX _13250.png	/home/utkarsh/Dropbox/Utkarsh/testUpload/RestoreBy1.00%HF/000s/20kX _13250.png	0.007474 GB
20200714 01:28:19	/home/utkarsh/Desktop/testUpload/RestoreBy1.00%HF/000s/20kX _13245.dm3	/home/utkarsh/Dropbox/Utkarsh/testUpload/RestoreBy1.00%HF/000s/20kX _13245.dm3	0.063065 GB
20200714 01:28:19	/home/utkarsh/Desktop/testUpload/RestoreBy1.00%HF/000s/20kX _13247.dm3	/home/utkarsh/Dropbox/Utkarsh/testUpload/RestoreBy1.00%HF/000s/20kX _13247.dm3	0.063065 GB
20200714 01:28:19	/home/utkarsh/Desktop/testUpload/RestoreBy1.00%HF/000s/20kX _13254.dm3	/home/utkarsh/Dropbox/Utkarsh/testUpload/RestoreBy1.00%HF/000s/20kX _13254.dm3	0.063065 GB
20200714 01:28:19	/home/utkarsh/Desktop/testUpload/RestoreBy1.00%HF/000s/20kX _13251.png	/home/utkarsh/Dropbox/Utkarsh/testUpload/RestoreBy1.00%HF/000s/20kX _13251.png	0.007524 GB
20200714 01:28:19	/home/utkarsh/Desktop/testUpload/RestoreBy1.00%HF/000s/20kX _13248.png	/home/utkarsh/Dropbox/Utkarsh/testUpload/RestoreBy1.00%HF/000s/20kX _13248.png	0.007428 GB
20200714 01:28:19	/home/utkarsh/Desktop/testUpload/RestoreBy1.00%HF/000s/20kX _13249.dm3	/home/utkarsh/Dropbox/Utkarsh/testUpload/RestoreBy1.00%HF/000s/20kX _13249.dm3	0.063065 GB
20200714 01:28:19	/home/utkarsh/Desktop/testUpload/RestoreBy1.00%HF/000s/20kX _13244.dm3	/home/utkarsh/Dropbox/Utkarsh/testUpload/RestoreBy1.00%HF/000s/20kX _13244.dm3	0.063065 GB
20200714 01:28:19	/home/utkarsh/Desktop/testUpload/RestoreBy1.00%HF/000s/20kX _13243.dm3	/home/utkarsh/Dropbox/Utkarsh/testUpload/RestoreBy1.00%HF/000s/20kX _13243.dm3	0.063065 GB
20200714 01:28:19	/home/utkarsh/Desktop/testUpload/RestoreBy1.00%HF/000s/20kX _13251.dm3	/home/utkarsh/Dropbox/Utkarsh/testUpload/RestoreBy1.00%HF/000s/20kX _13251.dm3	0.063065 GB
20200714 01:28:19	/home/utkarsh/Desktop/testUpload/RestoreBy1.00%HF/000s/20kX _13248.dm3	/home/utkarsh/Dropbox/Utkarsh/testUpload/RestoreBy1.00%HF/000s/20kX _13248.dm3	0.063065 GB
20200714 01:28:19	/home/utkarsh/Desktop/testUpload/RestoreBy1.00%HF/000s/20kX _13252.png	/home/utkarsh/Dropbox/Utkarsh/testUpload/RestoreBy1.00%HF/000s/20kX _13252.png	0.007672 GB
20200714 01:28:19	/home/utkarsh/Desktop/testUpload/RestoreBy1.00%HF/000s/20kX _13249.png	/home/utkarsh/Dropbox/Utkarsh/testUpload/RestoreBy1.00%HF/000s/20kX _13249.png	0.007572 GB
20200714 01:28:19	/home/utkarsh/Desktop/testUpload/RestoreBy1.00%HF/000s/20kX _13246.png	/home/utkarsh/Dropbox/Utkarsh/testUpload/RestoreBy1.00%HF/000s/20kX _13246.png	0.007506 GB
20200714 01:28:19	/home/utkarsh/Desktop/testUpload/RestoreBy1.00%HF/000s/20kX _13244.png	/home/utkarsh/Dropbox/Utkarsh/testUpload/RestoreBy1.00%HF/000s/20kX _13244.png	0.007530 GB
20200714 01:28:19	/home/utkarsh/Desktop/testUpload/AfterCollapse/20kX _14153.dm4	/home/utkarsh/Dropbox/Utkarsh/testUpload/AfterCollapse/20kX _14153.dm4	0.063073 GB
20200714 01:28:19	/home/utkarsh/Desktop/testUpload/AfterCollapse/20kX _14165.dm4	/home/utkarsh/Dropbox/Utkarsh/testUpload/AfterCollapse/20kX _14165.dm4	0.063073 GB
20200714 01:28:19	/home/utkarsh/Desktop/testUpload/AfterCollapse/20kX _14166.dm4	/home/utkarsh/Dropbox/Utkarsh/testUpload/AfterCollapse/20kX _14166.dm4	0.063073 GB
20200714 01:28:19	/home/utkarsh/Desktop/testUpload/AfterCollapse/20kX _14129.dm4	/home/utkarsh/Dropbox/Utkarsh/testUpload/AfterCollapse/20kX _14129.dm4	0.063073 GB
20200714 01:28:19	/home/utkarsh/Desktop/testUpload/AfterCollapse/20kX _14122.dm4	/home/utkarsh/Dropbox/Utkarsh/testUpload/AfterCollapse/20kX _14122.dm4	0.063073 GB
20200714 01:28:19	/home/utkarsh/Desktop/testUpload/AfterCollapse/20kX _14154.dm4	/home/utkarsh/Dropbox/Utkarsh/testUpload/AfterCollapse/20kX _14154.dm4	0.063073 GB
20200714 01:28:19	/home/utkarsh/Desktop/testUpload/AfterCollapse/20kX _14128.dm4	/home/utkarsh/Dropbox/Utkarsh/testUpload/AfterCollapse/20kX _14128.dm4	0.063073 GB
20200714 01:28:19	/home/utkarsh/Desktop/testUpload/AfterCollapse/20kX _14139.dm4	/home/utkarsh/Dropbox/Utkarsh/testUpload/AfterCollapse/20kX _14139.dm4	0.063073 GB
20200714 01:28:19	/home/utkarsh/Desktop/testUpload/AfterCollapse/20kX _14123.dm4	/home/utkarsh/Dropbox/Utkarsh/testUpload/AfterCollapse/20kX _14123.dm4	0.063073 GB
20200714 01:28:19	/home/utkarsh/Desktop/testUpload/AfterCollapse/20kX _14150.dm4	/home/utkarsh/Dropbox/Utkarsh/testUpload/AfterCollapse/20kX _14150.dm4	0.063073 GB
20200714 01:28:19	/home/utkarsh/Desktop/testUpload/AfterCollapse/20kX _14131.dm4	/home/utkarsh/Dropbox/Utkarsh/testUpload/AfterCollapse/20kX _14131.dm4	0.063073 GB
20200714 01:28:19	/home/utkarsh/Desktop/testUpload/AfterCollapse/20kX _14138.dm4	/home/utkarsh/Dropbox/Utkarsh/testUpload/AfterCollapse/20kX _14138.dm4	0.063073 GB
20200714 01:28:19	/home/utkarsh/Desktop/testUpload/AfterCollapse/20kX _14144.dm4	/home/utkarsh/Dropbox/Utkarsh/testUpload/AfterCollapse/20kX _14144.dm4	0.063073 GB
20200714 01:28:19	/home/utkarsh/Desktop/testUpload/AfterCollapse/20kX _14158.dm4	/home/utkarsh/Dropbox/Utkarsh/testUpload/AfterCollapse/20kX _14158.dm4	0.063073 GB
20200714 01:28:19	/home/utkarsh/Desktop/testUpload/AfterCollapse/20kX _14169.dm4	/home/utkarsh/Dropbox/Utkarsh/testUpload/AfterCollapse/20kX _14169.dm4	0.063073 GB
20200714 01:28:19	/home/utkarsh/Desktop/testUpload/AfterCollapse/20kX _14141.dm4	/home/utkarsh/Dropbox/Utkarsh/testUpload/AfterCollapse/20kX _14141.dm4	0.063073 GB
20200714 01:28:19	/home/utkarsh/Desktop/testUpload/AfterCollapse/20kX _14167.dm4	/home/utkarsh/Dropbox/Utkarsh/testUpload/AfterCollapse/20kX _14167.dm4	0.063073 GB
20200714 01:28:19	/home/utkarsh/Desktop/testUpload/AfterCollapse/20kX _14127.dm4	/home/utkarsh/Dropbox/Utkarsh/testUpload/AfterCollapse/20kX _14127.dm4	0.063073 GB
20200714 01:28:19	/home/utkarsh/Desktop/testUpload/AfterCollapse/20kX _14142.dm4	/home/utkarsh/Dropbox/Utkarsh/testUpload/AfterCollapse/20kX _14142.dm4	0.063073 GB
20200714 01:28:19	/home/utkarsh/Desktop/testUpload/AfterCollapse/20kX _14159.dm4	/home/utkarsh/Dropbox/Utkarsh/testUpload/AfterCollapse/20kX _14159.dm4	0.063073 GB
20200714 01:28:19	/home/utkarsh/Desktop/testUpload/AfterCollapse/20kX _14170.dm4	/home/utkarsh/Dropbox/Utkarsh/testUpload/AfterCollapse/20kX _14170.dm4	0.063073 GB
20200714 01:28:19	/home/utkarsh/Desktop/testUpload/AfterCollapse/20kX _14134.dm4	/home/utkarsh/Dropbox/Utkarsh/testUpload/AfterCollapse/20kX _14134.dm4	0.063073 GB
20200714 01:28:19	/home/utkarsh/Desktop/testUpload/AfterCollapse/20kX _14155.dm4	/home/utkarsh/Dropbox/Utkarsh/testUpload/AfterCollapse/20kX _14155.dm4	0.063073 GB
20200714 01:28:19	/home/utkarsh/Desktop/testUpload/AfterCollapse/20kX _14135.dm4	/home/utkarsh/Dropbox/Utkarsh/testUpload/AfterCollapse/20kX _14135.dm4	0.063073 GB
20200714 01:28:19	/home/utkarsh/Desktop/testUpload/AfterCollapse/20kX _14124.dm4	/home/utkarsh/Dropbox/Utkarsh/testUpload/AfterCollapse/20kX _14124.dm4	0.063073 GB
20200714 01:28:19	/home/utkarsh/Desktop/testUpload/AfterCollapse/20kX _14151.dm4	/home/utkarsh/Dropbox/Utkarsh/testUpload/AfterCollapse/20kX _14151.dm4	0.063073 GB
20200714 01:28:19	/home/utkarsh/Desktop/testUpload/AfterCollapse/20kX _14148.dm4	/home/utkarsh/Dropbox/Utkarsh/testUpload/AfterCollapse/20kX _14148.dm4	0.063073 GB
20200714 01:28:19	/home/utkarsh/Desktop/testUpload/AfterCollapse/20kX _14132.dm4	/home/utkarsh/Dropbox/Utkarsh/testUpload/AfterCollapse/20kX _14132.dm4	0.063073 GB
20200714 01:28:19	/home/utkarsh/Desktop/testUpload/AfterCollapse/20kX _14133.dm4	/home/utkarsh/Dropbox/Utkarsh/testUpload/AfterCollapse/20kX _14133.dm4	0.063073 GB
20200714 01:28:19	/home/utkarsh/Desktop/testUpload/AfterCollapse/20kX _14143.dm4	/home/utkarsh/Dropbox/Utkarsh/testUpload/AfterCollapse/20kX _14143.dm4	0.063073 GB
20200714 01:28:19	/home/utkarsh/Desktop/testUpload/AfterCollapse/20kX _14125.dm4	/home/utkarsh/Dropbox/Utkarsh/testUpload/AfterCollapse/20kX _14125.dm4	0.063073 GB
20200714 01:28:19	/home/utkarsh/Desktop/testUpload/AfterCollapse/20kX _14156.dm4	/home/utkarsh/Dropbox/Utkarsh/testUpload/AfterCollapse/20kX _14156.dm4	0.063073 GB
20200714 01:28:19	/home/utkarsh/Desktop/testUpload/AfterCollapse/20kX _14147.dm4	/home/utkarsh/Dropbox/Utkarsh/testUpload/AfterCollapse/20kX _14147.dm4	0.063073 GB
20200714 01:28:19	/home/utkarsh/Desktop/testUpload/AfterCollapse/20kX _14130.dm4	/home/utkarsh/Dropbox/Utkarsh/testUpload/AfterCollapse/20kX _14130.dm4	0.063073 GB
20200714 01:28:19	/home/utkarsh/Desktop/testUpload/AfterCollapse/20kX _14152.dm4	/home/utkarsh/Dropbox/Utkarsh/testUpload/AfterCollapse/20kX _14152.dm4	0.063073 GB
20200714 01:28:19	/home/utkarsh/Desktop/testUpload/AfterCollapse/20kX _14140.dm4	/home/utkarsh/Dropbox/Utkarsh/testUpload/AfterCollapse/20kX _14140.dm4	0.063073 GB
20200714 01:28:19	/home/utkarsh/Desktop/testUpload/AfterCollapse/20kX _14161.dm4	/home/utkarsh/Dropbox/Utkarsh/testUpload/AfterCollapse/20kX _14161.dm4	0.063073 GB
20200714 01:28:19	/home/utkarsh/Desktop/testUpload/AfterCollapse/20kX _14136.dm4	/home/utkarsh/Dropbox/Utkarsh/testUpload/AfterCollapse/20kX _14136.dm4	0.063073 GB
20200714 01:28:19	/home/utkarsh/Desktop/testUpload/AfterCollapse/20kX _14149.dm4	/home/utkarsh/Dropbox/Utkarsh/testUpload/AfterCollapse/20kX _14149.dm4	0.063073 GB
20200714 01:28:19	/home/utkarsh/Desktop/testUpload/AfterCollapse/20kX _14146.dm4	/home/utkarsh/Dropbox/Utkarsh/testUpload/AfterCollapse/20kX _14146.dm4	0.063073 GB
20200714 01:28:19	/home/utkarsh/Desktop/testUpload/AfterCollapse/20kX _14137.dm4	/home/utkarsh/Dropbox/Utkarsh/testUpload/AfterCollapse/20kX _14137.dm4	0.063073 GB
20200714 01:28:19	/home/utkarsh/Desktop/testUpload/AfterCollapse/20kX _14162.dm4	/home/utkarsh/Dropbox/Utkarsh/testUpload/AfterCollapse/20kX _14162.dm4	0.063073 GB
20200714 01:28:19	/home/utkarsh/Desktop/testUpload/AfterCollapse/20kX _14164.dm4	/home/utkarsh/Dropbox/Utkarsh/testUpload/AfterCollapse/20kX _14164.dm4	0.063073 GB
20200714 01:28:19	/home/utkarsh/Desktop/testUpload/AfterCollapse/20kX _14145.dm4	/home/utkarsh/Dropbox/Utkarsh/testUpload/AfterCollapse/20kX _14145.dm4	0.063073 GB
20200714 01:28:19	/home/utkarsh/Desktop/testUpload/AfterCollapse/20kX _14160.dm4	/home/utkarsh/Dropbox/Utkarsh/testUpload/AfterCollapse/20kX _14160.dm4	0.063073 GB
20200714 01:28:19	/home/utkarsh/Desktop/testUpload/AfterCollapse/20kX _14168.dm4	/home/utkarsh/Dropbox/Utkarsh/testUpload/AfterCollapse/20kX _14168.dm4	0.063073 GB
20200714 01:28:19	/home/utkarsh/Desktop/testUpload/AfterCollapse/20kX _14126.dm4	/home/utkarsh/Dropbox/Utkarsh/testUpload/AfterCollapse/20kX _14126.dm4	0.063073 GB
20200714 01:28:19	/home/utkarsh/Desktop/testUpload/AfterCollapse/20kX _14163.dm4	/home/utkarsh/Dropbox/Utkarsh/testUpload/AfterCollapse/20kX _14163.dm4	0.063073 GB
20200714 01:28:19	/home/utkarsh/Desktop/testUpload/AfterCollapse/20kX _14157.dm4	/home/utkarsh/Dropbox/Utkarsh/testUpload/AfterCollapse/20kX _14157.dm4	0.063073 GB
20200714 01:28:19	/home/utkarsh/Downloads/cifar-10-python.tar.gz	/home/utkarsh/Dropbox/Utkarsh/cifar-10-python.tar.gz	0.158789 GB
