20200722 03:00:00	/home/utkarsh/Desktop/testUpload/CollapseIPA_ALL.dat	/Utkarsh/testUpload/CollapseIPA_ALL.dat	0.000737 GB	Success
20200722 03:12:24	/home/utkarsh/Desktop/testUpload/01_HM_badChip_wet_bulk_converted.zip_split_0006	/Utkarsh/testUpload/01_HM_badChip_wet_bulk_converted.zip_split_0006	3.762002 GB	Success
20200722 03:12:26	/home/utkarsh/Desktop/testUpload/CollapseIPA_DNN.dat	/Utkarsh/testUpload/CollapseIPA_DNN.dat	0.000737 GB	Success
20200722 03:12:28	/home/utkarsh/Desktop/testUpload/CollapseWater_DNN.dat	/Utkarsh/testUpload/CollapseWater_DNN.dat	0.000745 GB	Success
20200722 03:12:29	/home/utkarsh/Desktop/testUpload/CollapseIPA_CNN.dat	/Utkarsh/testUpload/CollapseIPA_CNN.dat	0.000737 GB	Success
20200722 03:24:40	/home/utkarsh/Desktop/testUpload/01_HM_badChip_wet_bulk_converted.zip_split_0002	/Utkarsh/testUpload/01_HM_badChip_wet_bulk_converted.zip_split_0002	4.000000 GB	Success
20200722 03:39:10	/home/utkarsh/Desktop/testUpload/01_HM_badChip_wet_bulk_converted.zip_split_0001	/Utkarsh/testUpload/01_HM_badChip_wet_bulk_converted.zip_split_0001	4.000000 GB	Success
20200722 03:54:41	/home/utkarsh/Desktop/testUpload/01_HM_badChip_wet_bulk_converted.zip_split_0003	/Utkarsh/testUpload/01_HM_badChip_wet_bulk_converted.zip_split_0003	4.000000 GB	Success
20200722 04:06:47	/home/utkarsh/Desktop/testUpload/01_HM_badChip_wet_bulk_converted.zip_split_0005	/Utkarsh/testUpload/01_HM_badChip_wet_bulk_converted.zip_split_0005	4.000000 GB	Success
20200722 04:19:55	/home/utkarsh/Desktop/testUpload/01_HM_badChip_wet_bulk_converted.zip_split_0004	/Utkarsh/testUpload/01_HM_badChip_wet_bulk_converted.zip_split_0004	4.000000 GB	Success
20200722 04:19:58	/home/utkarsh/Desktop/testUpload/CollapseWater_Set2_ALL.dat	/Utkarsh/testUpload/CollapseWater_Set2_ALL.dat	0.000756 GB	Success
20200722 04:20:01	/home/utkarsh/Desktop/testUpload/CollapseWater_ALL.dat	/Utkarsh/testUpload/CollapseWater_ALL.dat	0.000745 GB	Success
20200722 04:33:40	/home/utkarsh/Desktop/testUpload/RestoreBy0.30%HF.zip	/Utkarsh/testUpload/RestoreBy0.30%HF.zip	3.563954 GB	Success
20200722 04:33:42	/home/utkarsh/Desktop/testUpload/CollapseWater_Set2_VGG.dat	/Utkarsh/testUpload/CollapseWater_Set2_VGG.dat	0.000756 GB	Success
20200722 04:33:43	/home/utkarsh/Desktop/testUpload/CollapseWater_Set2_CNN.dat	/Utkarsh/testUpload/CollapseWater_Set2_CNN.dat	0.000756 GB	Success
20200722 04:33:45	/home/utkarsh/Desktop/testUpload/CollapseWater_VGG.dat	/Utkarsh/testUpload/CollapseWater_VGG.dat	0.000745 GB	Success
20200722 04:33:47	/home/utkarsh/Desktop/testUpload/CollapseWater_Set2_DNN.dat	/Utkarsh/testUpload/CollapseWater_Set2_DNN.dat	0.000756 GB	Success
20200722 04:33:48	/home/utkarsh/Desktop/testUpload/CollapseIPA_VGG.dat	/Utkarsh/testUpload/CollapseIPA_VGG.dat	0.000737 GB	Success
20200722 04:33:50	/home/utkarsh/Desktop/testUpload/CollapseWater_CNN.dat	/Utkarsh/testUpload/CollapseWater_CNN.dat	0.000745 GB	Success
20200722 04:33:52	/home/utkarsh/Desktop/testUpload/RestoreBy1.00%HF/ExperimentGuide.txt	/Utkarsh/testUpload/RestoreBy1.00%HF/ExperimentGuide.txt	0.000001 GB	Success
20200722 04:34:12	/home/utkarsh/Desktop/testUpload/RestoreBy1.00%HF/030s/20kX _13533.dm3	/Utkarsh/testUpload/RestoreBy1.00%HF/030s/20kX _13533.dm3	0.063065 GB	Success
20200722 04:34:16	/home/utkarsh/Desktop/testUpload/RestoreBy1.00%HF/030s/20kX _13541.png	/Utkarsh/testUpload/RestoreBy1.00%HF/030s/20kX _13541.png	0.007474 GB	Success
20200722 04:34:22	/home/utkarsh/Desktop/testUpload/RestoreBy1.00%HF/030s/20kX _13532.png	/Utkarsh/testUpload/RestoreBy1.00%HF/030s/20kX _13532.png	0.007449 GB	Success
20200722 04:34:35	/home/utkarsh/Desktop/testUpload/RestoreBy1.00%HF/030s/20kX _13531.dm3	/Utkarsh/testUpload/RestoreBy1.00%HF/030s/20kX _13531.dm3	0.063065 GB	Success
20200722 04:34:49	/home/utkarsh/Desktop/testUpload/RestoreBy1.00%HF/030s/20kX _13541.dm3	/Utkarsh/testUpload/RestoreBy1.00%HF/030s/20kX _13541.dm3	0.063065 GB	Success
20200722 04:34:53	/home/utkarsh/Desktop/testUpload/RestoreBy1.00%HF/030s/20kX _13538.png	/Utkarsh/testUpload/RestoreBy1.00%HF/030s/20kX _13538.png	0.007553 GB	Success
20200722 04:34:57	/home/utkarsh/Desktop/testUpload/RestoreBy1.00%HF/030s/20kX _13531.png	/Utkarsh/testUpload/RestoreBy1.00%HF/030s/20kX _13531.png	0.007340 GB	Success
20200722 04:35:01	/home/utkarsh/Desktop/testUpload/RestoreBy1.00%HF/030s/20kX _13535.png	/Utkarsh/testUpload/RestoreBy1.00%HF/030s/20kX _13535.png	0.007630 GB	Success
20200722 04:35:16	/home/utkarsh/Desktop/testUpload/RestoreBy1.00%HF/030s/20kX _13540.dm3	/Utkarsh/testUpload/RestoreBy1.00%HF/030s/20kX _13540.dm3	0.063065 GB	Success
20200722 04:35:19	/home/utkarsh/Desktop/testUpload/RestoreBy1.00%HF/030s/20kX _13540.png	/Utkarsh/testUpload/RestoreBy1.00%HF/030s/20kX _13540.png	0.007464 GB	Success
20200722 04:35:36	/home/utkarsh/Desktop/testUpload/RestoreBy1.00%HF/030s/20kX _13534.dm3	/Utkarsh/testUpload/RestoreBy1.00%HF/030s/20kX _13534.dm3	0.063065 GB	Success
20200722 04:35:40	/home/utkarsh/Desktop/testUpload/RestoreBy1.00%HF/030s/20kX _13539.png	/Utkarsh/testUpload/RestoreBy1.00%HF/030s/20kX _13539.png	0.007493 GB	Success
20200722 04:35:44	/home/utkarsh/Desktop/testUpload/RestoreBy1.00%HF/030s/20kX _13534.png	/Utkarsh/testUpload/RestoreBy1.00%HF/030s/20kX _13534.png	0.007538 GB	Success
20200722 04:35:48	/home/utkarsh/Desktop/testUpload/RestoreBy1.00%HF/030s/20kX _13533.png	/Utkarsh/testUpload/RestoreBy1.00%HF/030s/20kX _13533.png	0.007509 GB	Success
20200722 04:36:06	/home/utkarsh/Desktop/testUpload/RestoreBy1.00%HF/030s/20kX _13532.dm3	/Utkarsh/testUpload/RestoreBy1.00%HF/030s/20kX _13532.dm3	0.063065 GB	Success
20200722 04:36:21	/home/utkarsh/Desktop/testUpload/RestoreBy1.00%HF/030s/20kX _13542.dm3	/Utkarsh/testUpload/RestoreBy1.00%HF/030s/20kX _13542.dm3	0.063065 GB	Success
20200722 04:36:38	/home/utkarsh/Desktop/testUpload/RestoreBy1.00%HF/030s/20kX _13535.dm3	/Utkarsh/testUpload/RestoreBy1.00%HF/030s/20kX _13535.dm3	0.063065 GB	Success
20200722 04:37:16	/home/utkarsh/Desktop/testUpload/RestoreBy1.00%HF/030s/20kX _13536.dm3	/Utkarsh/testUpload/RestoreBy1.00%HF/030s/20kX _13536.dm3	0.063065 GB	Success
20200722 04:38:05	/home/utkarsh/Desktop/testUpload/RestoreBy1.00%HF/030s/20kX _13538.dm3	/Utkarsh/testUpload/RestoreBy1.00%HF/030s/20kX _13538.dm3	0.063065 GB	Success
20200722 04:38:18	/home/utkarsh/Desktop/testUpload/RestoreBy1.00%HF/030s/20kX _13537.dm3	/Utkarsh/testUpload/RestoreBy1.00%HF/030s/20kX _13537.dm3	0.063065 GB	Success
20200722 04:38:21	/home/utkarsh/Desktop/testUpload/RestoreBy1.00%HF/030s/20kX _13542.png	/Utkarsh/testUpload/RestoreBy1.00%HF/030s/20kX _13542.png	0.007465 GB	Success
20200722 04:38:25	/home/utkarsh/Desktop/testUpload/RestoreBy1.00%HF/030s/20kX _13537.png	/Utkarsh/testUpload/RestoreBy1.00%HF/030s/20kX _13537.png	0.007683 GB	Success
20200722 04:38:28	/home/utkarsh/Desktop/testUpload/RestoreBy1.00%HF/030s/20kX _13536.png	/Utkarsh/testUpload/RestoreBy1.00%HF/030s/20kX _13536.png	0.007625 GB	Success
20200722 04:38:39	/home/utkarsh/Desktop/testUpload/RestoreBy1.00%HF/030s/20kX _13539.dm3	/Utkarsh/testUpload/RestoreBy1.00%HF/030s/20kX _13539.dm3	0.063065 GB	Success
20200722 04:38:51	/home/utkarsh/Desktop/testUpload/RestoreBy1.00%HF/040s/20kX _13554.dm3	/Utkarsh/testUpload/RestoreBy1.00%HF/040s/20kX _13554.dm3	0.063065 GB	Success
20200722 04:38:54	/home/utkarsh/Desktop/testUpload/RestoreBy1.00%HF/040s/20kX _13546.png	/Utkarsh/testUpload/RestoreBy1.00%HF/040s/20kX _13546.png	0.007359 GB	Success
20200722 04:39:06	/home/utkarsh/Desktop/testUpload/RestoreBy1.00%HF/040s/20kX _13547.dm3	/Utkarsh/testUpload/RestoreBy1.00%HF/040s/20kX _13547.dm3	0.063065 GB	Success
20200722 04:39:09	/home/utkarsh/Desktop/testUpload/RestoreBy1.00%HF/040s/20kX _13549.png	/Utkarsh/testUpload/RestoreBy1.00%HF/040s/20kX _13549.png	0.007369 GB	Success
20200722 04:39:14	/home/utkarsh/Desktop/testUpload/RestoreBy1.00%HF/040s/20kX _13552.png	/Utkarsh/testUpload/RestoreBy1.00%HF/040s/20kX _13552.png	0.007425 GB	Success
20200722 04:39:26	/home/utkarsh/Desktop/testUpload/RestoreBy1.00%HF/040s/20kX _13551.dm3	/Utkarsh/testUpload/RestoreBy1.00%HF/040s/20kX _13551.dm3	0.063065 GB	Success
20200722 04:39:37	/home/utkarsh/Desktop/testUpload/RestoreBy1.00%HF/040s/20kX _13543.dm3	/Utkarsh/testUpload/RestoreBy1.00%HF/040s/20kX _13543.dm3	0.063065 GB	Success
20200722 04:39:48	/home/utkarsh/Desktop/testUpload/RestoreBy1.00%HF/040s/20kX _13553.dm3	/Utkarsh/testUpload/RestoreBy1.00%HF/040s/20kX _13553.dm3	0.063065 GB	Success
20200722 04:39:59	/home/utkarsh/Desktop/testUpload/RestoreBy1.00%HF/040s/20kX _13552.dm3	/Utkarsh/testUpload/RestoreBy1.00%HF/040s/20kX _13552.dm3	0.063065 GB	Success
20200722 04:40:10	/home/utkarsh/Desktop/testUpload/RestoreBy1.00%HF/040s/20kX _13546.dm3	/Utkarsh/testUpload/RestoreBy1.00%HF/040s/20kX _13546.dm3	0.063065 GB	Success
20200722 04:40:19	/home/utkarsh/Desktop/testUpload/RestoreBy1.00%HF/040s/20kX _13550.dm3	/Utkarsh/testUpload/RestoreBy1.00%HF/040s/20kX _13550.dm3	0.063065 GB	Success
20200722 04:40:22	/home/utkarsh/Desktop/testUpload/RestoreBy1.00%HF/040s/20kX _13551.png	/Utkarsh/testUpload/RestoreBy1.00%HF/040s/20kX _13551.png	0.007324 GB	Success
20200722 04:40:25	/home/utkarsh/Desktop/testUpload/RestoreBy1.00%HF/040s/20kX _13554.png	/Utkarsh/testUpload/RestoreBy1.00%HF/040s/20kX _13554.png	0.007430 GB	Success
20200722 04:40:28	/home/utkarsh/Desktop/testUpload/RestoreBy1.00%HF/040s/20kX _13545.png	/Utkarsh/testUpload/RestoreBy1.00%HF/040s/20kX _13545.png	0.007328 GB	Success
20200722 04:40:40	/home/utkarsh/Desktop/testUpload/RestoreBy1.00%HF/040s/20kX _13544.dm3	/Utkarsh/testUpload/RestoreBy1.00%HF/040s/20kX _13544.dm3	0.063065 GB	Success
20200722 04:40:43	/home/utkarsh/Desktop/testUpload/RestoreBy1.00%HF/040s/20kX _13547.png	/Utkarsh/testUpload/RestoreBy1.00%HF/040s/20kX _13547.png	0.007464 GB	Success
20200722 04:40:46	/home/utkarsh/Desktop/testUpload/RestoreBy1.00%HF/040s/20kX _13553.png	/Utkarsh/testUpload/RestoreBy1.00%HF/040s/20kX _13553.png	0.007386 GB	Success
20200722 04:40:57	/home/utkarsh/Desktop/testUpload/RestoreBy1.00%HF/040s/20kX _13549.dm3	/Utkarsh/testUpload/RestoreBy1.00%HF/040s/20kX _13549.dm3	0.063065 GB	Success
20200722 04:41:00	/home/utkarsh/Desktop/testUpload/RestoreBy1.00%HF/040s/20kX _13543.png	/Utkarsh/testUpload/RestoreBy1.00%HF/040s/20kX _13543.png	0.007258 GB	Success
20200722 04:41:11	/home/utkarsh/Desktop/testUpload/RestoreBy1.00%HF/040s/20kX _13548.dm3	/Utkarsh/testUpload/RestoreBy1.00%HF/040s/20kX _13548.dm3	0.063065 GB	Success
20200722 04:41:15	/home/utkarsh/Desktop/testUpload/RestoreBy1.00%HF/040s/20kX _13548.png	/Utkarsh/testUpload/RestoreBy1.00%HF/040s/20kX _13548.png	0.007412 GB	Success
20200722 04:41:25	/home/utkarsh/Desktop/testUpload/RestoreBy1.00%HF/040s/20kX _13545.dm3	/Utkarsh/testUpload/RestoreBy1.00%HF/040s/20kX _13545.dm3	0.063065 GB	Success
20200722 04:41:28	/home/utkarsh/Desktop/testUpload/RestoreBy1.00%HF/040s/20kX _13550.png	/Utkarsh/testUpload/RestoreBy1.00%HF/040s/20kX _13550.png	0.007388 GB	Success
20200722 04:41:32	/home/utkarsh/Desktop/testUpload/RestoreBy1.00%HF/040s/20kX _13544.png	/Utkarsh/testUpload/RestoreBy1.00%HF/040s/20kX _13544.png	0.007231 GB	Success
20200722 04:41:42	/home/utkarsh/Desktop/testUpload/RestoreBy1.00%HF/020s/20kX _13523.dm3	/Utkarsh/testUpload/RestoreBy1.00%HF/020s/20kX _13523.dm3	0.063065 GB	Success
20200722 04:41:45	/home/utkarsh/Desktop/testUpload/RestoreBy1.00%HF/020s/20kX _13526.png	/Utkarsh/testUpload/RestoreBy1.00%HF/020s/20kX _13526.png	0.007303 GB	Success
20200722 04:41:49	/home/utkarsh/Desktop/testUpload/RestoreBy1.00%HF/020s/20kX _13521.png	/Utkarsh/testUpload/RestoreBy1.00%HF/020s/20kX _13521.png	0.007474 GB	Success
20200722 04:42:00	/home/utkarsh/Desktop/testUpload/RestoreBy1.00%HF/020s/20kX _13524.dm3	/Utkarsh/testUpload/RestoreBy1.00%HF/020s/20kX _13524.dm3	0.063065 GB	Success
20200722 04:42:03	/home/utkarsh/Desktop/testUpload/RestoreBy1.00%HF/020s/20kX _13525.png	/Utkarsh/testUpload/RestoreBy1.00%HF/020s/20kX _13525.png	0.007435 GB	Success
20200722 04:42:07	/home/utkarsh/Desktop/testUpload/RestoreBy1.00%HF/020s/20kX _13529.png	/Utkarsh/testUpload/RestoreBy1.00%HF/020s/20kX _13529.png	0.007414 GB	Success
20200722 04:42:11	/home/utkarsh/Desktop/testUpload/RestoreBy1.00%HF/020s/20kX _13524.png	/Utkarsh/testUpload/RestoreBy1.00%HF/020s/20kX _13524.png	0.007352 GB	Success
20200722 04:42:22	/home/utkarsh/Desktop/testUpload/RestoreBy1.00%HF/020s/20kX _13527.dm3	/Utkarsh/testUpload/RestoreBy1.00%HF/020s/20kX _13527.dm3	0.063065 GB	Success
20200722 04:42:26	/home/utkarsh/Desktop/testUpload/RestoreBy1.00%HF/020s/20kX _13520.png	/Utkarsh/testUpload/RestoreBy1.00%HF/020s/20kX _13520.png	0.007391 GB	Success
20200722 04:42:36	/home/utkarsh/Desktop/testUpload/RestoreBy1.00%HF/020s/20kX _13530.dm3	/Utkarsh/testUpload/RestoreBy1.00%HF/020s/20kX _13530.dm3	0.063065 GB	Success
20200722 04:42:40	/home/utkarsh/Desktop/testUpload/RestoreBy1.00%HF/020s/20kX _13522.png	/Utkarsh/testUpload/RestoreBy1.00%HF/020s/20kX _13522.png	0.007515 GB	Success
20200722 04:42:52	/home/utkarsh/Desktop/testUpload/RestoreBy1.00%HF/020s/20kX _13526.dm3	/Utkarsh/testUpload/RestoreBy1.00%HF/020s/20kX _13526.dm3	0.063065 GB	Success
20200722 04:42:57	/home/utkarsh/Desktop/testUpload/RestoreBy1.00%HF/020s/20kX _13527.png	/Utkarsh/testUpload/RestoreBy1.00%HF/020s/20kX _13527.png	0.007427 GB	Success
20200722 04:43:00	/home/utkarsh/Desktop/testUpload/RestoreBy1.00%HF/020s/20kX _13528.png	/Utkarsh/testUpload/RestoreBy1.00%HF/020s/20kX _13528.png	0.007427 GB	Success
20200722 04:43:11	/home/utkarsh/Desktop/testUpload/RestoreBy1.00%HF/020s/20kX _13529.dm3	/Utkarsh/testUpload/RestoreBy1.00%HF/020s/20kX _13529.dm3	0.063065 GB	Success
20200722 04:43:24	/home/utkarsh/Desktop/testUpload/RestoreBy1.00%HF/020s/20kX _13528.dm3	/Utkarsh/testUpload/RestoreBy1.00%HF/020s/20kX _13528.dm3	0.063065 GB	Success
20200722 04:43:34	/home/utkarsh/Desktop/testUpload/RestoreBy1.00%HF/020s/20kX _13525.dm3	/Utkarsh/testUpload/RestoreBy1.00%HF/020s/20kX _13525.dm3	0.063065 GB	Success
20200722 04:43:45	/home/utkarsh/Desktop/testUpload/RestoreBy1.00%HF/020s/20kX _13521.dm3	/Utkarsh/testUpload/RestoreBy1.00%HF/020s/20kX _13521.dm3	0.063065 GB	Success
20200722 04:43:49	/home/utkarsh/Desktop/testUpload/RestoreBy1.00%HF/020s/20kX _13519.png	/Utkarsh/testUpload/RestoreBy1.00%HF/020s/20kX _13519.png	0.007487 GB	Success
20200722 04:43:53	/home/utkarsh/Desktop/testUpload/RestoreBy1.00%HF/020s/20kX _13530.png	/Utkarsh/testUpload/RestoreBy1.00%HF/020s/20kX _13530.png	0.007395 GB	Success
20200722 04:43:57	/home/utkarsh/Desktop/testUpload/RestoreBy1.00%HF/020s/20kX _13523.png	/Utkarsh/testUpload/RestoreBy1.00%HF/020s/20kX _13523.png	0.007474 GB	Success
20200722 04:44:08	/home/utkarsh/Desktop/testUpload/RestoreBy1.00%HF/020s/20kX _13522.dm3	/Utkarsh/testUpload/RestoreBy1.00%HF/020s/20kX _13522.dm3	0.063065 GB	Success
20200722 04:44:19	/home/utkarsh/Desktop/testUpload/RestoreBy1.00%HF/020s/20kX _13519.dm3	/Utkarsh/testUpload/RestoreBy1.00%HF/020s/20kX _13519.dm3	0.063065 GB	Success
20200722 04:44:30	/home/utkarsh/Desktop/testUpload/RestoreBy1.00%HF/020s/20kX _13520.dm3	/Utkarsh/testUpload/RestoreBy1.00%HF/020s/20kX _13520.dm3	0.063065 GB	Success
20200722 04:44:33	/home/utkarsh/Desktop/testUpload/RestoreBy1.00%HF/005s/20kX _15071.png	/Utkarsh/testUpload/RestoreBy1.00%HF/005s/20kX _15071.png	0.007861 GB	Success
20200722 04:44:44	/home/utkarsh/Desktop/testUpload/RestoreBy1.00%HF/005s/20kX _15070.dm3	/Utkarsh/testUpload/RestoreBy1.00%HF/005s/20kX _15070.dm3	0.063065 GB	Success
20200722 04:44:47	/home/utkarsh/Desktop/testUpload/RestoreBy1.00%HF/005s/20kX _15067.png	/Utkarsh/testUpload/RestoreBy1.00%HF/005s/20kX _15067.png	0.007681 GB	Success
20200722 04:44:50	/home/utkarsh/Desktop/testUpload/RestoreBy1.00%HF/005s/20kX _15073.png	/Utkarsh/testUpload/RestoreBy1.00%HF/005s/20kX _15073.png	0.007730 GB	Success
20200722 04:45:02	/home/utkarsh/Desktop/testUpload/RestoreBy1.00%HF/005s/20kX _15072.dm3	/Utkarsh/testUpload/RestoreBy1.00%HF/005s/20kX _15072.dm3	0.063065 GB	Success
20200722 04:45:05	/home/utkarsh/Desktop/testUpload/RestoreBy1.00%HF/005s/20kX _15068.png	/Utkarsh/testUpload/RestoreBy1.00%HF/005s/20kX _15068.png	0.007651 GB	Success
20200722 04:45:09	/home/utkarsh/Desktop/testUpload/RestoreBy1.00%HF/005s/20kX _15075.png	/Utkarsh/testUpload/RestoreBy1.00%HF/005s/20kX _15075.png	0.007691 GB	Success
20200722 04:45:12	/home/utkarsh/Desktop/testUpload/RestoreBy1.00%HF/005s/20kX _15070.png	/Utkarsh/testUpload/RestoreBy1.00%HF/005s/20kX _15070.png	0.007687 GB	Success
20200722 04:45:24	/home/utkarsh/Desktop/testUpload/RestoreBy1.00%HF/005s/20kX _15077.dm3	/Utkarsh/testUpload/RestoreBy1.00%HF/005s/20kX _15077.dm3	0.063065 GB	Success
20200722 04:45:27	/home/utkarsh/Desktop/testUpload/RestoreBy1.00%HF/005s/20kX _15074.png	/Utkarsh/testUpload/RestoreBy1.00%HF/005s/20kX _15074.png	0.007728 GB	Success
20200722 04:45:31	/home/utkarsh/Desktop/testUpload/RestoreBy1.00%HF/005s/20kX _15078.png	/Utkarsh/testUpload/RestoreBy1.00%HF/005s/20kX _15078.png	0.007705 GB	Success
20200722 04:45:34	/home/utkarsh/Desktop/testUpload/RestoreBy1.00%HF/005s/20kX _15077.png	/Utkarsh/testUpload/RestoreBy1.00%HF/005s/20kX _15077.png	0.007766 GB	Success
20200722 04:45:45	/home/utkarsh/Desktop/testUpload/RestoreBy1.00%HF/005s/20kX _15078.dm3	/Utkarsh/testUpload/RestoreBy1.00%HF/005s/20kX _15078.dm3	0.063065 GB	Success
20200722 04:45:55	/home/utkarsh/Desktop/testUpload/RestoreBy1.00%HF/005s/20kX _15071.dm3	/Utkarsh/testUpload/RestoreBy1.00%HF/005s/20kX _15071.dm3	0.063065 GB	Success
20200722 04:46:06	/home/utkarsh/Desktop/testUpload/RestoreBy1.00%HF/005s/20kX _15074.dm3	/Utkarsh/testUpload/RestoreBy1.00%HF/005s/20kX _15074.dm3	0.063065 GB	Success
20200722 04:46:12	/home/utkarsh/Desktop/testUpload/RestoreBy1.00%HF/005s/20kX _15076.png	/Utkarsh/testUpload/RestoreBy1.00%HF/005s/20kX _15076.png	0.007724 GB	Success
20200722 04:46:37	/home/utkarsh/Desktop/testUpload/RestoreBy1.00%HF/005s/20kX _15068.dm3	/Utkarsh/testUpload/RestoreBy1.00%HF/005s/20kX _15068.dm3	0.063065 GB	Success
20200722 04:46:59	/home/utkarsh/Desktop/testUpload/RestoreBy1.00%HF/005s/20kX _15069.dm3	/Utkarsh/testUpload/RestoreBy1.00%HF/005s/20kX _15069.dm3	0.063065 GB	Success
20200722 04:47:17	/home/utkarsh/Desktop/testUpload/RestoreBy1.00%HF/005s/20kX _15073.dm3	/Utkarsh/testUpload/RestoreBy1.00%HF/005s/20kX _15073.dm3	0.063065 GB	Success
20200722 04:47:20	/home/utkarsh/Desktop/testUpload/RestoreBy1.00%HF/005s/20kX _15072.png	/Utkarsh/testUpload/RestoreBy1.00%HF/005s/20kX _15072.png	0.007739 GB	Success
20200722 04:47:25	/home/utkarsh/Desktop/testUpload/RestoreBy1.00%HF/005s/20kX _15069.png	/Utkarsh/testUpload/RestoreBy1.00%HF/005s/20kX _15069.png	0.007676 GB	Success
20200722 04:47:40	/home/utkarsh/Desktop/testUpload/RestoreBy1.00%HF/005s/20kX _15076.dm3	/Utkarsh/testUpload/RestoreBy1.00%HF/005s/20kX _15076.dm3	0.063065 GB	Success
20200722 04:48:02	/home/utkarsh/Desktop/testUpload/RestoreBy1.00%HF/005s/20kX _15075.dm3	/Utkarsh/testUpload/RestoreBy1.00%HF/005s/20kX _15075.dm3	0.063065 GB	Success
20200722 04:48:20	/home/utkarsh/Desktop/testUpload/RestoreBy1.00%HF/005s/20kX _15067.dm3	/Utkarsh/testUpload/RestoreBy1.00%HF/005s/20kX _15067.dm3	0.063065 GB	Success
20200722 04:48:24	/home/utkarsh/Desktop/testUpload/RestoreBy1.00%HF/050s/20kX _13566.png	/Utkarsh/testUpload/RestoreBy1.00%HF/050s/20kX _13566.png	0.007327 GB	Success
20200722 04:48:37	/home/utkarsh/Desktop/testUpload/RestoreBy1.00%HF/050s/20kX _13561.dm3	/Utkarsh/testUpload/RestoreBy1.00%HF/050s/20kX _13561.dm3	0.063065 GB	Success
20200722 04:48:40	/home/utkarsh/Desktop/testUpload/RestoreBy1.00%HF/050s/20kX _13557.png	/Utkarsh/testUpload/RestoreBy1.00%HF/050s/20kX _13557.png	0.007268 GB	Success
20200722 04:48:44	/home/utkarsh/Desktop/testUpload/RestoreBy1.00%HF/050s/20kX _13555.png	/Utkarsh/testUpload/RestoreBy1.00%HF/050s/20kX _13555.png	0.007455 GB	Success
20200722 04:48:56	/home/utkarsh/Desktop/testUpload/RestoreBy1.00%HF/050s/20kX _13559.dm3	/Utkarsh/testUpload/RestoreBy1.00%HF/050s/20kX _13559.dm3	0.063065 GB	Success
20200722 04:49:00	/home/utkarsh/Desktop/testUpload/RestoreBy1.00%HF/050s/20kX _13556.png	/Utkarsh/testUpload/RestoreBy1.00%HF/050s/20kX _13556.png	0.007297 GB	Success
20200722 04:49:11	/home/utkarsh/Desktop/testUpload/RestoreBy1.00%HF/050s/20kX _13562.dm3	/Utkarsh/testUpload/RestoreBy1.00%HF/050s/20kX _13562.dm3	0.063065 GB	Success
20200722 04:49:15	/home/utkarsh/Desktop/testUpload/RestoreBy1.00%HF/050s/20kX _13565.png	/Utkarsh/testUpload/RestoreBy1.00%HF/050s/20kX _13565.png	0.007350 GB	Success
20200722 04:49:28	/home/utkarsh/Desktop/testUpload/RestoreBy1.00%HF/050s/20kX _13555.dm3	/Utkarsh/testUpload/RestoreBy1.00%HF/050s/20kX _13555.dm3	0.063065 GB	Success
20200722 04:49:31	/home/utkarsh/Desktop/testUpload/RestoreBy1.00%HF/050s/20kX _13559.png	/Utkarsh/testUpload/RestoreBy1.00%HF/050s/20kX _13559.png	0.007338 GB	Success
20200722 04:49:41	/home/utkarsh/Desktop/testUpload/RestoreBy1.00%HF/050s/20kX _13560.dm3	/Utkarsh/testUpload/RestoreBy1.00%HF/050s/20kX _13560.dm3	0.063065 GB	Success
20200722 04:49:52	/home/utkarsh/Desktop/testUpload/RestoreBy1.00%HF/050s/20kX _13564.dm3	/Utkarsh/testUpload/RestoreBy1.00%HF/050s/20kX _13564.dm3	0.063065 GB	Success
20200722 04:50:03	/home/utkarsh/Desktop/testUpload/RestoreBy1.00%HF/050s/20kX _13557.dm3	/Utkarsh/testUpload/RestoreBy1.00%HF/050s/20kX _13557.dm3	0.063065 GB	Success
20200722 04:50:06	/home/utkarsh/Desktop/testUpload/RestoreBy1.00%HF/050s/20kX _13564.png	/Utkarsh/testUpload/RestoreBy1.00%HF/050s/20kX _13564.png	0.007428 GB	Success
20200722 04:50:10	/home/utkarsh/Desktop/testUpload/RestoreBy1.00%HF/050s/20kX _13563.png	/Utkarsh/testUpload/RestoreBy1.00%HF/050s/20kX _13563.png	0.007344 GB	Success
20200722 04:50:13	/home/utkarsh/Desktop/testUpload/RestoreBy1.00%HF/050s/20kX _13558.png	/Utkarsh/testUpload/RestoreBy1.00%HF/050s/20kX _13558.png	0.007348 GB	Success
20200722 04:50:24	/home/utkarsh/Desktop/testUpload/RestoreBy1.00%HF/050s/20kX _13563.dm3	/Utkarsh/testUpload/RestoreBy1.00%HF/050s/20kX _13563.dm3	0.063065 GB	Success
20200722 04:50:34	/home/utkarsh/Desktop/testUpload/RestoreBy1.00%HF/050s/20kX _13556.dm3	/Utkarsh/testUpload/RestoreBy1.00%HF/050s/20kX _13556.dm3	0.063065 GB	Success
20200722 04:50:45	/home/utkarsh/Desktop/testUpload/RestoreBy1.00%HF/050s/20kX _13566.dm3	/Utkarsh/testUpload/RestoreBy1.00%HF/050s/20kX _13566.dm3	0.063065 GB	Success
20200722 04:50:48	/home/utkarsh/Desktop/testUpload/RestoreBy1.00%HF/050s/20kX _13561.png	/Utkarsh/testUpload/RestoreBy1.00%HF/050s/20kX _13561.png	0.007390 GB	Success
20200722 04:50:52	/home/utkarsh/Desktop/testUpload/RestoreBy1.00%HF/050s/20kX _13560.png	/Utkarsh/testUpload/RestoreBy1.00%HF/050s/20kX _13560.png	0.007384 GB	Success
20200722 04:51:02	/home/utkarsh/Desktop/testUpload/RestoreBy1.00%HF/050s/20kX _13565.dm3	/Utkarsh/testUpload/RestoreBy1.00%HF/050s/20kX _13565.dm3	0.063065 GB	Success
20200722 04:51:12	/home/utkarsh/Desktop/testUpload/RestoreBy1.00%HF/050s/20kX _13558.dm3	/Utkarsh/testUpload/RestoreBy1.00%HF/050s/20kX _13558.dm3	0.063065 GB	Success
20200722 04:51:15	/home/utkarsh/Desktop/testUpload/RestoreBy1.00%HF/050s/20kX _13562.png	/Utkarsh/testUpload/RestoreBy1.00%HF/050s/20kX _13562.png	0.007391 GB	Success
20200722 04:51:26	/home/utkarsh/Desktop/testUpload/RestoreBy1.00%HF/060s/20kX _13576.dm3	/Utkarsh/testUpload/RestoreBy1.00%HF/060s/20kX _13576.dm3	0.063065 GB	Success
20200722 04:51:29	/home/utkarsh/Desktop/testUpload/RestoreBy1.00%HF/060s/20kX _13568.png	/Utkarsh/testUpload/RestoreBy1.00%HF/060s/20kX _13568.png	0.007515 GB	Success
20200722 04:51:33	/home/utkarsh/Desktop/testUpload/RestoreBy1.00%HF/060s/20kX _13578.png	/Utkarsh/testUpload/RestoreBy1.00%HF/060s/20kX _13578.png	0.007452 GB	Success
20200722 04:51:43	/home/utkarsh/Desktop/testUpload/RestoreBy1.00%HF/060s/20kX _13578.dm3	/Utkarsh/testUpload/RestoreBy1.00%HF/060s/20kX _13578.dm3	0.063065 GB	Success
20200722 04:51:46	/home/utkarsh/Desktop/testUpload/RestoreBy1.00%HF/060s/20kX _13573.png	/Utkarsh/testUpload/RestoreBy1.00%HF/060s/20kX _13573.png	0.007529 GB	Success
20200722 04:51:49	/home/utkarsh/Desktop/testUpload/RestoreBy1.00%HF/060s/20kX _13575.png	/Utkarsh/testUpload/RestoreBy1.00%HF/060s/20kX _13575.png	0.007454 GB	Success
20200722 04:52:01	/home/utkarsh/Desktop/testUpload/RestoreBy1.00%HF/060s/20kX _13575.dm3	/Utkarsh/testUpload/RestoreBy1.00%HF/060s/20kX _13575.dm3	0.063065 GB	Success
20200722 04:52:13	/home/utkarsh/Desktop/testUpload/RestoreBy1.00%HF/060s/20kX _13571.dm3	/Utkarsh/testUpload/RestoreBy1.00%HF/060s/20kX _13571.dm3	0.063065 GB	Success
20200722 04:52:24	/home/utkarsh/Desktop/testUpload/RestoreBy1.00%HF/060s/20kX _13570.dm3	/Utkarsh/testUpload/RestoreBy1.00%HF/060s/20kX _13570.dm3	0.063065 GB	Success
20200722 04:52:34	/home/utkarsh/Desktop/testUpload/RestoreBy1.00%HF/060s/20kX _13567.dm3	/Utkarsh/testUpload/RestoreBy1.00%HF/060s/20kX _13567.dm3	0.063065 GB	Success
20200722 04:52:38	/home/utkarsh/Desktop/testUpload/RestoreBy1.00%HF/060s/20kX _13570.png	/Utkarsh/testUpload/RestoreBy1.00%HF/060s/20kX _13570.png	0.007436 GB	Success
20200722 04:52:49	/home/utkarsh/Desktop/testUpload/RestoreBy1.00%HF/060s/20kX _13577.dm3	/Utkarsh/testUpload/RestoreBy1.00%HF/060s/20kX _13577.dm3	0.063065 GB	Success
20200722 04:52:52	/home/utkarsh/Desktop/testUpload/RestoreBy1.00%HF/060s/20kX _13571.png	/Utkarsh/testUpload/RestoreBy1.00%HF/060s/20kX _13571.png	0.007404 GB	Success
20200722 04:52:55	/home/utkarsh/Desktop/testUpload/RestoreBy1.00%HF/060s/20kX _13567.png	/Utkarsh/testUpload/RestoreBy1.00%HF/060s/20kX _13567.png	0.007507 GB	Success
20200722 04:53:06	/home/utkarsh/Desktop/testUpload/RestoreBy1.00%HF/060s/20kX _13573.dm3	/Utkarsh/testUpload/RestoreBy1.00%HF/060s/20kX _13573.dm3	0.063065 GB	Success
20200722 04:53:17	/home/utkarsh/Desktop/testUpload/RestoreBy1.00%HF/060s/20kX _13574.dm3	/Utkarsh/testUpload/RestoreBy1.00%HF/060s/20kX _13574.dm3	0.063065 GB	Success
20200722 04:53:28	/home/utkarsh/Desktop/testUpload/RestoreBy1.00%HF/060s/20kX _13568.dm3	/Utkarsh/testUpload/RestoreBy1.00%HF/060s/20kX _13568.dm3	0.063065 GB	Success
20200722 04:53:31	/home/utkarsh/Desktop/testUpload/RestoreBy1.00%HF/060s/20kX _13577.png	/Utkarsh/testUpload/RestoreBy1.00%HF/060s/20kX _13577.png	0.007438 GB	Success
20200722 04:53:34	/home/utkarsh/Desktop/testUpload/RestoreBy1.00%HF/060s/20kX _13572.png	/Utkarsh/testUpload/RestoreBy1.00%HF/060s/20kX _13572.png	0.007604 GB	Success
20200722 04:53:45	/home/utkarsh/Desktop/testUpload/RestoreBy1.00%HF/060s/20kX _13569.dm3	/Utkarsh/testUpload/RestoreBy1.00%HF/060s/20kX _13569.dm3	0.063065 GB	Success
20200722 04:53:56	/home/utkarsh/Desktop/testUpload/RestoreBy1.00%HF/060s/20kX _13579_overfoucs_Z24.dm3	/Utkarsh/testUpload/RestoreBy1.00%HF/060s/20kX _13579_overfoucs_Z24.dm3	0.063065 GB	Success
20200722 04:53:59	/home/utkarsh/Desktop/testUpload/RestoreBy1.00%HF/060s/20kX _13569.png	/Utkarsh/testUpload/RestoreBy1.00%HF/060s/20kX _13569.png	0.007417 GB	Success
20200722 04:54:02	/home/utkarsh/Desktop/testUpload/RestoreBy1.00%HF/060s/20kX _13574.png	/Utkarsh/testUpload/RestoreBy1.00%HF/060s/20kX _13574.png	0.007455 GB	Success
20200722 04:54:12	/home/utkarsh/Desktop/testUpload/RestoreBy1.00%HF/060s/20kX _13572.dm3	/Utkarsh/testUpload/RestoreBy1.00%HF/060s/20kX _13572.dm3	0.063065 GB	Success
20200722 04:54:15	/home/utkarsh/Desktop/testUpload/RestoreBy1.00%HF/060s/20kX _13576.png	/Utkarsh/testUpload/RestoreBy1.00%HF/060s/20kX _13576.png	0.007430 GB	Success
20200722 04:54:18	/home/utkarsh/Desktop/testUpload/RestoreBy1.00%HF/180s/20kX _15081.png	/Utkarsh/testUpload/RestoreBy1.00%HF/180s/20kX _15081.png	0.007560 GB	Success
20200722 04:54:21	/home/utkarsh/Desktop/testUpload/RestoreBy1.00%HF/180s/20kX _15090.png	/Utkarsh/testUpload/RestoreBy1.00%HF/180s/20kX _15090.png	0.007689 GB	Success
20200722 04:54:24	/home/utkarsh/Desktop/testUpload/RestoreBy1.00%HF/180s/20kX _15083.png	/Utkarsh/testUpload/RestoreBy1.00%HF/180s/20kX _15083.png	0.007610 GB	Success
20200722 04:54:29	/home/utkarsh/Desktop/testUpload/RestoreBy1.00%HF/180s/20kX _15085.png	/Utkarsh/testUpload/RestoreBy1.00%HF/180s/20kX _15085.png	0.007626 GB	Success
20200722 04:54:41	/home/utkarsh/Desktop/testUpload/RestoreBy1.00%HF/180s/20kX _15083.dm3	/Utkarsh/testUpload/RestoreBy1.00%HF/180s/20kX _15083.dm3	0.063065 GB	Success
20200722 04:54:52	/home/utkarsh/Desktop/testUpload/RestoreBy1.00%HF/180s/20kX _15079.dm3	/Utkarsh/testUpload/RestoreBy1.00%HF/180s/20kX _15079.dm3	0.063065 GB	Success
20200722 04:55:46	/home/utkarsh/Desktop/testUpload/RestoreBy1.00%HF/180s/20kX _15084.dm3	/Utkarsh/testUpload/RestoreBy1.00%HF/180s/20kX _15084.dm3	0.063065 GB	Success
20200722 04:55:49	/home/utkarsh/Desktop/testUpload/RestoreBy1.00%HF/180s/20kX _15082.png	/Utkarsh/testUpload/RestoreBy1.00%HF/180s/20kX _15082.png	0.007518 GB	Success
20200722 04:56:00	/home/utkarsh/Desktop/testUpload/RestoreBy1.00%HF/180s/20kX _15086.dm3	/Utkarsh/testUpload/RestoreBy1.00%HF/180s/20kX _15086.dm3	0.063065 GB	Success
20200722 04:56:03	/home/utkarsh/Desktop/testUpload/RestoreBy1.00%HF/180s/20kX _15084.png	/Utkarsh/testUpload/RestoreBy1.00%HF/180s/20kX _15084.png	0.007640 GB	Success
20200722 04:56:15	/home/utkarsh/Desktop/testUpload/RestoreBy1.00%HF/180s/20kX _15090.dm3	/Utkarsh/testUpload/RestoreBy1.00%HF/180s/20kX _15090.dm3	0.063065 GB	Success
20200722 04:56:24	/home/utkarsh/Desktop/testUpload/RestoreBy1.00%HF/180s/20kX _15082.dm3	/Utkarsh/testUpload/RestoreBy1.00%HF/180s/20kX _15082.dm3	0.063065 GB	Success
20200722 04:56:34	/home/utkarsh/Desktop/testUpload/RestoreBy1.00%HF/180s/20kX _15089.dm3	/Utkarsh/testUpload/RestoreBy1.00%HF/180s/20kX _15089.dm3	0.063065 GB	Success
20200722 04:56:38	/home/utkarsh/Desktop/testUpload/RestoreBy1.00%HF/180s/20kX _15088.png	/Utkarsh/testUpload/RestoreBy1.00%HF/180s/20kX _15088.png	0.007859 GB	Success
20200722 04:56:48	/home/utkarsh/Desktop/testUpload/RestoreBy1.00%HF/180s/20kX _15081.dm3	/Utkarsh/testUpload/RestoreBy1.00%HF/180s/20kX _15081.dm3	0.063065 GB	Success
20200722 04:56:51	/home/utkarsh/Desktop/testUpload/RestoreBy1.00%HF/180s/20kX _15089.png	/Utkarsh/testUpload/RestoreBy1.00%HF/180s/20kX _15089.png	0.007858 GB	Success
20200722 04:57:03	/home/utkarsh/Desktop/testUpload/RestoreBy1.00%HF/180s/20kX _15080.dm3	/Utkarsh/testUpload/RestoreBy1.00%HF/180s/20kX _15080.dm3	0.063065 GB	Success
20200722 04:57:13	/home/utkarsh/Desktop/testUpload/RestoreBy1.00%HF/180s/20kX _15085.dm3	/Utkarsh/testUpload/RestoreBy1.00%HF/180s/20kX _15085.dm3	0.063065 GB	Success
20200722 04:57:24	/home/utkarsh/Desktop/testUpload/RestoreBy1.00%HF/180s/20kX _15087.dm3	/Utkarsh/testUpload/RestoreBy1.00%HF/180s/20kX _15087.dm3	0.063065 GB	Success
20200722 04:57:27	/home/utkarsh/Desktop/testUpload/RestoreBy1.00%HF/180s/20kX _15087.png	/Utkarsh/testUpload/RestoreBy1.00%HF/180s/20kX _15087.png	0.007791 GB	Success
20200722 04:57:30	/home/utkarsh/Desktop/testUpload/RestoreBy1.00%HF/180s/20kX _15080.png	/Utkarsh/testUpload/RestoreBy1.00%HF/180s/20kX _15080.png	0.007587 GB	Success
20200722 04:57:35	/home/utkarsh/Desktop/testUpload/RestoreBy1.00%HF/180s/20kX _15079.png	/Utkarsh/testUpload/RestoreBy1.00%HF/180s/20kX _15079.png	0.007617 GB	Success
20200722 04:57:46	/home/utkarsh/Desktop/testUpload/RestoreBy1.00%HF/180s/20kX _15088.dm3	/Utkarsh/testUpload/RestoreBy1.00%HF/180s/20kX _15088.dm3	0.063065 GB	Success
20200722 04:57:50	/home/utkarsh/Desktop/testUpload/RestoreBy1.00%HF/180s/20kX _15086.png	/Utkarsh/testUpload/RestoreBy1.00%HF/180s/20kX _15086.png	0.007616 GB	Success
20200722 04:57:53	/home/utkarsh/Desktop/testUpload/RestoreBy1.00%HF/010s/20kX _13512.png	/Utkarsh/testUpload/RestoreBy1.00%HF/010s/20kX _13512.png	0.007527 GB	Success
20200722 04:58:03	/home/utkarsh/Desktop/testUpload/RestoreBy1.00%HF/010s/20kX _13510.dm3	/Utkarsh/testUpload/RestoreBy1.00%HF/010s/20kX _13510.dm3	0.063065 GB	Success
20200722 04:58:06	/home/utkarsh/Desktop/testUpload/RestoreBy1.00%HF/010s/20kX _13515.png	/Utkarsh/testUpload/RestoreBy1.00%HF/010s/20kX _13515.png	0.007693 GB	Success
20200722 04:58:11	/home/utkarsh/Desktop/testUpload/RestoreBy1.00%HF/010s/20kX _13507.png	/Utkarsh/testUpload/RestoreBy1.00%HF/010s/20kX _13507.png	0.007461 GB	Success
20200722 04:58:23	/home/utkarsh/Desktop/testUpload/RestoreBy1.00%HF/010s/20kX _13511.dm3	/Utkarsh/testUpload/RestoreBy1.00%HF/010s/20kX _13511.dm3	0.063065 GB	Success
20200722 04:58:27	/home/utkarsh/Desktop/testUpload/RestoreBy1.00%HF/010s/20kX _13511.png	/Utkarsh/testUpload/RestoreBy1.00%HF/010s/20kX _13511.png	0.007641 GB	Success
20200722 04:58:40	/home/utkarsh/Desktop/testUpload/RestoreBy1.00%HF/010s/20kX _13516.dm3	/Utkarsh/testUpload/RestoreBy1.00%HF/010s/20kX _13516.dm3	0.063065 GB	Success
20200722 04:58:54	/home/utkarsh/Desktop/testUpload/RestoreBy1.00%HF/010s/20kX _13517.dm3	/Utkarsh/testUpload/RestoreBy1.00%HF/010s/20kX _13517.dm3	0.063065 GB	Success
20200722 04:58:57	/home/utkarsh/Desktop/testUpload/RestoreBy1.00%HF/010s/20kX _13516.png	/Utkarsh/testUpload/RestoreBy1.00%HF/010s/20kX _13516.png	0.007641 GB	Success
20200722 04:59:00	/home/utkarsh/Desktop/testUpload/RestoreBy1.00%HF/010s/20kX _13517.png	/Utkarsh/testUpload/RestoreBy1.00%HF/010s/20kX _13517.png	0.007611 GB	Success
20200722 04:59:11	/home/utkarsh/Desktop/testUpload/RestoreBy1.00%HF/010s/20kX _13512.dm3	/Utkarsh/testUpload/RestoreBy1.00%HF/010s/20kX _13512.dm3	0.063065 GB	Success
20200722 04:59:22	/home/utkarsh/Desktop/testUpload/RestoreBy1.00%HF/010s/20kX _13515.dm3	/Utkarsh/testUpload/RestoreBy1.00%HF/010s/20kX _13515.dm3	0.063065 GB	Success
20200722 04:59:25	/home/utkarsh/Desktop/testUpload/RestoreBy1.00%HF/010s/20kX _13508.png	/Utkarsh/testUpload/RestoreBy1.00%HF/010s/20kX _13508.png	0.007543 GB	Success
20200722 04:59:28	/home/utkarsh/Desktop/testUpload/RestoreBy1.00%HF/010s/20kX _13510.png	/Utkarsh/testUpload/RestoreBy1.00%HF/010s/20kX _13510.png	0.007628 GB	Success
20200722 04:59:39	/home/utkarsh/Desktop/testUpload/RestoreBy1.00%HF/010s/20kX _13507.dm3	/Utkarsh/testUpload/RestoreBy1.00%HF/010s/20kX _13507.dm3	0.063065 GB	Success
20200722 04:59:53	/home/utkarsh/Desktop/testUpload/RestoreBy1.00%HF/010s/20kX _13508.dm3	/Utkarsh/testUpload/RestoreBy1.00%HF/010s/20kX _13508.dm3	0.063065 GB	Success
20200722 04:59:57	/home/utkarsh/Desktop/testUpload/RestoreBy1.00%HF/010s/20kX _13518.png	/Utkarsh/testUpload/RestoreBy1.00%HF/010s/20kX _13518.png	0.007661 GB	Success
20200722 05:00:10	/home/utkarsh/Desktop/testUpload/RestoreBy1.00%HF/010s/20kX _13514.dm3	/Utkarsh/testUpload/RestoreBy1.00%HF/010s/20kX _13514.dm3	0.063065 GB	Success
20200722 05:00:25	/home/utkarsh/Desktop/testUpload/RestoreBy1.00%HF/010s/20kX _13509.png	/Utkarsh/testUpload/RestoreBy1.00%HF/010s/20kX _13509.png	0.007605 GB	Success
20200722 05:00:35	/home/utkarsh/Desktop/testUpload/RestoreBy1.00%HF/010s/20kX _13518.dm3	/Utkarsh/testUpload/RestoreBy1.00%HF/010s/20kX _13518.dm3	0.063065 GB	Success
20200722 05:00:38	/home/utkarsh/Desktop/testUpload/RestoreBy1.00%HF/010s/20kX _13514.png	/Utkarsh/testUpload/RestoreBy1.00%HF/010s/20kX _13514.png	0.007585 GB	Success
20200722 05:00:41	/home/utkarsh/Desktop/testUpload/RestoreBy1.00%HF/010s/20kX _13513.png	/Utkarsh/testUpload/RestoreBy1.00%HF/010s/20kX _13513.png	0.007581 GB	Success
20200722 05:00:51	/home/utkarsh/Desktop/testUpload/RestoreBy1.00%HF/010s/20kX _13513.dm3	/Utkarsh/testUpload/RestoreBy1.00%HF/010s/20kX _13513.dm3	0.063065 GB	Success
20200722 05:01:04	/home/utkarsh/Desktop/testUpload/RestoreBy1.00%HF/010s/20kX _13509.dm3	/Utkarsh/testUpload/RestoreBy1.00%HF/010s/20kX _13509.dm3	0.063065 GB	Success
20200722 05:01:15	/home/utkarsh/Desktop/testUpload/RestoreBy1.00%HF/000s/20kX _13252.dm3	/Utkarsh/testUpload/RestoreBy1.00%HF/000s/20kX _13252.dm3	0.063065 GB	Success
20200722 05:01:19	/home/utkarsh/Desktop/testUpload/RestoreBy1.00%HF/000s/20kX _13253.png	/Utkarsh/testUpload/RestoreBy1.00%HF/000s/20kX _13253.png	0.007719 GB	Success
20200722 05:01:33	/home/utkarsh/Desktop/testUpload/RestoreBy1.00%HF/000s/20kX _13253.dm3	/Utkarsh/testUpload/RestoreBy1.00%HF/000s/20kX _13253.dm3	0.063065 GB	Success
20200722 05:01:36	/home/utkarsh/Desktop/testUpload/RestoreBy1.00%HF/000s/20kX _13254.png	/Utkarsh/testUpload/RestoreBy1.00%HF/000s/20kX _13254.png	0.007626 GB	Success
20200722 05:01:49	/home/utkarsh/Desktop/testUpload/RestoreBy1.00%HF/000s/20kX _13246.dm3	/Utkarsh/testUpload/RestoreBy1.00%HF/000s/20kX _13246.dm3	0.063065 GB	Success
20200722 05:01:52	/home/utkarsh/Desktop/testUpload/RestoreBy1.00%HF/000s/20kX _13245.png	/Utkarsh/testUpload/RestoreBy1.00%HF/000s/20kX _13245.png	0.007461 GB	Success
20200722 05:01:55	/home/utkarsh/Desktop/testUpload/RestoreBy1.00%HF/000s/20kX _13247.png	/Utkarsh/testUpload/RestoreBy1.00%HF/000s/20kX _13247.png	0.007444 GB	Success
20200722 05:02:07	/home/utkarsh/Desktop/testUpload/RestoreBy1.00%HF/000s/20kX _13250.dm3	/Utkarsh/testUpload/RestoreBy1.00%HF/000s/20kX _13250.dm3	0.063065 GB	Success
20200722 05:02:10	/home/utkarsh/Desktop/testUpload/RestoreBy1.00%HF/000s/20kX _13243.png	/Utkarsh/testUpload/RestoreBy1.00%HF/000s/20kX _13243.png	0.007501 GB	Success
20200722 05:02:14	/home/utkarsh/Desktop/testUpload/RestoreBy1.00%HF/000s/20kX _13250.png	/Utkarsh/testUpload/RestoreBy1.00%HF/000s/20kX _13250.png	0.007474 GB	Success
20200722 05:02:25	/home/utkarsh/Desktop/testUpload/RestoreBy1.00%HF/000s/20kX _13245.dm3	/Utkarsh/testUpload/RestoreBy1.00%HF/000s/20kX _13245.dm3	0.063065 GB	Success
20200722 05:02:40	/home/utkarsh/Desktop/testUpload/RestoreBy1.00%HF/000s/20kX _13247.dm3	/Utkarsh/testUpload/RestoreBy1.00%HF/000s/20kX _13247.dm3	0.063065 GB	Success
20200722 05:02:53	/home/utkarsh/Desktop/testUpload/RestoreBy1.00%HF/000s/20kX _13254.dm3	/Utkarsh/testUpload/RestoreBy1.00%HF/000s/20kX _13254.dm3	0.063065 GB	Success
20200722 05:02:57	/home/utkarsh/Desktop/testUpload/RestoreBy1.00%HF/000s/20kX _13251.png	/Utkarsh/testUpload/RestoreBy1.00%HF/000s/20kX _13251.png	0.007524 GB	Success
20200722 05:03:00	/home/utkarsh/Desktop/testUpload/RestoreBy1.00%HF/000s/20kX _13248.png	/Utkarsh/testUpload/RestoreBy1.00%HF/000s/20kX _13248.png	0.007428 GB	Success
20200722 05:03:57	/home/utkarsh/Desktop/testUpload/RestoreBy1.00%HF/000s/20kX _13249.dm3	/Utkarsh/testUpload/RestoreBy1.00%HF/000s/20kX _13249.dm3	0.063065 GB	Success
20200722 05:04:12	/home/utkarsh/Desktop/testUpload/RestoreBy1.00%HF/000s/20kX _13244.dm3	/Utkarsh/testUpload/RestoreBy1.00%HF/000s/20kX _13244.dm3	0.063065 GB	Success
20200722 05:05:06	/home/utkarsh/Desktop/testUpload/RestoreBy1.00%HF/000s/20kX _13243.dm3	/Utkarsh/testUpload/RestoreBy1.00%HF/000s/20kX _13243.dm3	0.063065 GB	Success
20200722 05:05:17	/home/utkarsh/Desktop/testUpload/RestoreBy1.00%HF/000s/20kX _13251.dm3	/Utkarsh/testUpload/RestoreBy1.00%HF/000s/20kX _13251.dm3	0.063065 GB	Success
20200722 05:05:29	/home/utkarsh/Desktop/testUpload/RestoreBy1.00%HF/000s/20kX _13248.dm3	/Utkarsh/testUpload/RestoreBy1.00%HF/000s/20kX _13248.dm3	0.063065 GB	Success
20200722 05:05:32	/home/utkarsh/Desktop/testUpload/RestoreBy1.00%HF/000s/20kX _13252.png	/Utkarsh/testUpload/RestoreBy1.00%HF/000s/20kX _13252.png	0.007672 GB	Success
20200722 05:05:35	/home/utkarsh/Desktop/testUpload/RestoreBy1.00%HF/000s/20kX _13249.png	/Utkarsh/testUpload/RestoreBy1.00%HF/000s/20kX _13249.png	0.007572 GB	Success
20200722 05:05:38	/home/utkarsh/Desktop/testUpload/RestoreBy1.00%HF/000s/20kX _13246.png	/Utkarsh/testUpload/RestoreBy1.00%HF/000s/20kX _13246.png	0.007506 GB	Success
20200722 05:05:41	/home/utkarsh/Desktop/testUpload/RestoreBy1.00%HF/000s/20kX _13244.png	/Utkarsh/testUpload/RestoreBy1.00%HF/000s/20kX _13244.png	0.007530 GB	Success
20200722 05:05:52	/home/utkarsh/Desktop/testUpload/AfterCollapse/20kX _14153.dm4	/Utkarsh/testUpload/AfterCollapse/20kX _14153.dm4	0.063073 GB	Success
20200722 05:06:02	/home/utkarsh/Desktop/testUpload/AfterCollapse/20kX _14165.dm4	/Utkarsh/testUpload/AfterCollapse/20kX _14165.dm4	0.063073 GB	Success
20200722 05:06:13	/home/utkarsh/Desktop/testUpload/AfterCollapse/20kX _14166.dm4	/Utkarsh/testUpload/AfterCollapse/20kX _14166.dm4	0.063073 GB	Success
20200722 05:06:23	/home/utkarsh/Desktop/testUpload/AfterCollapse/20kX _14129.dm4	/Utkarsh/testUpload/AfterCollapse/20kX _14129.dm4	0.063073 GB	Success
20200722 05:06:34	/home/utkarsh/Desktop/testUpload/AfterCollapse/20kX _14122.dm4	/Utkarsh/testUpload/AfterCollapse/20kX _14122.dm4	0.063073 GB	Success
20200722 05:06:45	/home/utkarsh/Desktop/testUpload/AfterCollapse/20kX _14154.dm4	/Utkarsh/testUpload/AfterCollapse/20kX _14154.dm4	0.063073 GB	Success
20200722 05:06:56	/home/utkarsh/Desktop/testUpload/AfterCollapse/20kX _14128.dm4	/Utkarsh/testUpload/AfterCollapse/20kX _14128.dm4	0.063073 GB	Success
20200722 05:07:06	/home/utkarsh/Desktop/testUpload/AfterCollapse/20kX _14139.dm4	/Utkarsh/testUpload/AfterCollapse/20kX _14139.dm4	0.063073 GB	Success
20200722 05:07:17	/home/utkarsh/Desktop/testUpload/AfterCollapse/20kX _14123.dm4	/Utkarsh/testUpload/AfterCollapse/20kX _14123.dm4	0.063073 GB	Success
20200722 05:07:28	/home/utkarsh/Desktop/testUpload/AfterCollapse/20kX _14150.dm4	/Utkarsh/testUpload/AfterCollapse/20kX _14150.dm4	0.063073 GB	Success
20200722 05:07:39	/home/utkarsh/Desktop/testUpload/AfterCollapse/20kX _14131.dm4	/Utkarsh/testUpload/AfterCollapse/20kX _14131.dm4	0.063073 GB	Success
20200722 05:07:49	/home/utkarsh/Desktop/testUpload/AfterCollapse/20kX _14138.dm4	/Utkarsh/testUpload/AfterCollapse/20kX _14138.dm4	0.063073 GB	Success
20200722 05:08:00	/home/utkarsh/Desktop/testUpload/AfterCollapse/20kX _14144.dm4	/Utkarsh/testUpload/AfterCollapse/20kX _14144.dm4	0.063073 GB	Success
20200722 05:08:11	/home/utkarsh/Desktop/testUpload/AfterCollapse/20kX _14158.dm4	/Utkarsh/testUpload/AfterCollapse/20kX _14158.dm4	0.063073 GB	Success
20200722 05:08:28	/home/utkarsh/Desktop/testUpload/AfterCollapse/20kX _14169.dm4	/Utkarsh/testUpload/AfterCollapse/20kX _14169.dm4	0.063073 GB	Success
20200722 05:08:39	/home/utkarsh/Desktop/testUpload/AfterCollapse/20kX _14141.dm4	/Utkarsh/testUpload/AfterCollapse/20kX _14141.dm4	0.063073 GB	Success
20200722 05:08:50	/home/utkarsh/Desktop/testUpload/AfterCollapse/20kX _14167.dm4	/Utkarsh/testUpload/AfterCollapse/20kX _14167.dm4	0.063073 GB	Success
20200722 05:09:01	/home/utkarsh/Desktop/testUpload/AfterCollapse/20kX _14127.dm4	/Utkarsh/testUpload/AfterCollapse/20kX _14127.dm4	0.063073 GB	Success
20200722 05:09:12	/home/utkarsh/Desktop/testUpload/AfterCollapse/20kX _14142.dm4	/Utkarsh/testUpload/AfterCollapse/20kX _14142.dm4	0.063073 GB	Success
20200722 05:09:22	/home/utkarsh/Desktop/testUpload/AfterCollapse/20kX _14159.dm4	/Utkarsh/testUpload/AfterCollapse/20kX _14159.dm4	0.063073 GB	Success
20200722 05:09:34	/home/utkarsh/Desktop/testUpload/AfterCollapse/20kX _14170.dm4	/Utkarsh/testUpload/AfterCollapse/20kX _14170.dm4	0.063073 GB	Success
20200722 05:09:44	/home/utkarsh/Desktop/testUpload/AfterCollapse/20kX _14134.dm4	/Utkarsh/testUpload/AfterCollapse/20kX _14134.dm4	0.063073 GB	Success
20200722 05:09:55	/home/utkarsh/Desktop/testUpload/AfterCollapse/20kX _14155.dm4	/Utkarsh/testUpload/AfterCollapse/20kX _14155.dm4	0.063073 GB	Success
20200722 05:10:06	/home/utkarsh/Desktop/testUpload/AfterCollapse/20kX _14135.dm4	/Utkarsh/testUpload/AfterCollapse/20kX _14135.dm4	0.063073 GB	Success
20200722 05:10:17	/home/utkarsh/Desktop/testUpload/AfterCollapse/20kX _14124.dm4	/Utkarsh/testUpload/AfterCollapse/20kX _14124.dm4	0.063073 GB	Success
20200722 05:10:28	/home/utkarsh/Desktop/testUpload/AfterCollapse/20kX _14151.dm4	/Utkarsh/testUpload/AfterCollapse/20kX _14151.dm4	0.063073 GB	Success
20200722 05:10:39	/home/utkarsh/Desktop/testUpload/AfterCollapse/20kX _14148.dm4	/Utkarsh/testUpload/AfterCollapse/20kX _14148.dm4	0.063073 GB	Success
20200722 05:10:50	/home/utkarsh/Desktop/testUpload/AfterCollapse/20kX _14132.dm4	/Utkarsh/testUpload/AfterCollapse/20kX _14132.dm4	0.063073 GB	Success
20200722 05:11:00	/home/utkarsh/Desktop/testUpload/AfterCollapse/20kX _14133.dm4	/Utkarsh/testUpload/AfterCollapse/20kX _14133.dm4	0.063073 GB	Success
20200722 05:11:11	/home/utkarsh/Desktop/testUpload/AfterCollapse/20kX _14143.dm4	/Utkarsh/testUpload/AfterCollapse/20kX _14143.dm4	0.063073 GB	Success
20200722 05:11:22	/home/utkarsh/Desktop/testUpload/AfterCollapse/20kX _14125.dm4	/Utkarsh/testUpload/AfterCollapse/20kX _14125.dm4	0.063073 GB	Success
20200722 05:11:31	/home/utkarsh/Desktop/testUpload/AfterCollapse/20kX _14156.dm4	/Utkarsh/testUpload/AfterCollapse/20kX _14156.dm4	0.063073 GB	Success
20200722 05:11:42	/home/utkarsh/Desktop/testUpload/AfterCollapse/20kX _14147.dm4	/Utkarsh/testUpload/AfterCollapse/20kX _14147.dm4	0.063073 GB	Success
20200722 05:11:52	/home/utkarsh/Desktop/testUpload/AfterCollapse/20kX _14130.dm4	/Utkarsh/testUpload/AfterCollapse/20kX _14130.dm4	0.063073 GB	Success
20200722 05:12:03	/home/utkarsh/Desktop/testUpload/AfterCollapse/20kX _14152.dm4	/Utkarsh/testUpload/AfterCollapse/20kX _14152.dm4	0.063073 GB	Success
20200722 05:12:13	/home/utkarsh/Desktop/testUpload/AfterCollapse/20kX _14140.dm4	/Utkarsh/testUpload/AfterCollapse/20kX _14140.dm4	0.063073 GB	Success
20200722 05:12:23	/home/utkarsh/Desktop/testUpload/AfterCollapse/20kX _14161.dm4	/Utkarsh/testUpload/AfterCollapse/20kX _14161.dm4	0.063073 GB	Success
20200722 05:12:34	/home/utkarsh/Desktop/testUpload/AfterCollapse/20kX _14136.dm4	/Utkarsh/testUpload/AfterCollapse/20kX _14136.dm4	0.063073 GB	Success
20200722 05:12:45	/home/utkarsh/Desktop/testUpload/AfterCollapse/20kX _14149.dm4	/Utkarsh/testUpload/AfterCollapse/20kX _14149.dm4	0.063073 GB	Success
20200722 05:12:56	/home/utkarsh/Desktop/testUpload/AfterCollapse/20kX _14146.dm4	/Utkarsh/testUpload/AfterCollapse/20kX _14146.dm4	0.063073 GB	Success
20200722 05:13:07	/home/utkarsh/Desktop/testUpload/AfterCollapse/20kX _14137.dm4	/Utkarsh/testUpload/AfterCollapse/20kX _14137.dm4	0.063073 GB	Success
20200722 05:13:18	/home/utkarsh/Desktop/testUpload/AfterCollapse/20kX _14162.dm4	/Utkarsh/testUpload/AfterCollapse/20kX _14162.dm4	0.063073 GB	Success
20200722 05:13:29	/home/utkarsh/Desktop/testUpload/AfterCollapse/20kX _14164.dm4	/Utkarsh/testUpload/AfterCollapse/20kX _14164.dm4	0.063073 GB	Success
20200722 05:13:40	/home/utkarsh/Desktop/testUpload/AfterCollapse/20kX _14145.dm4	/Utkarsh/testUpload/AfterCollapse/20kX _14145.dm4	0.063073 GB	Success
20200722 05:13:51	/home/utkarsh/Desktop/testUpload/AfterCollapse/20kX _14160.dm4	/Utkarsh/testUpload/AfterCollapse/20kX _14160.dm4	0.063073 GB	Success
20200722 05:14:02	/home/utkarsh/Desktop/testUpload/AfterCollapse/20kX _14168.dm4	/Utkarsh/testUpload/AfterCollapse/20kX _14168.dm4	0.063073 GB	Success
20200722 05:14:13	/home/utkarsh/Desktop/testUpload/AfterCollapse/20kX _14126.dm4	/Utkarsh/testUpload/AfterCollapse/20kX _14126.dm4	0.063073 GB	Success
20200722 05:14:23	/home/utkarsh/Desktop/testUpload/AfterCollapse/20kX _14163.dm4	/Utkarsh/testUpload/AfterCollapse/20kX _14163.dm4	0.063073 GB	Success
20200722 05:14:33	/home/utkarsh/Desktop/testUpload/AfterCollapse/20kX _14157.dm4	/Utkarsh/testUpload/AfterCollapse/20kX _14157.dm4	0.063073 GB	Success
20200722 05:15:00	/home/utkarsh/Downloads/cifar-10-python.tar.gz	/Utkarsh/cifar-10-python.tar.gz	0.158789 GB	Success
